Using pre-set license
Built from '2022.3/staging' branch; Version is '2022.3.27f1 (73effa14754f) revision 7598074'; Using compiler version '192829333'; Build Type 'Release'
OS: 'Windows 11  (10.0.22631) 64bit Core' Language: 'it' Physical Memory: 16011 MB
BatchMode: 1, IsHumanControllingUs: 0, StartBugReporterOnCrash: 0, Is64bit: 1, IsPro: 1

COMMAND LINE ARGUMENTS:
C:\Program Files\Unity\Hub\Editor\2022.3.27f1\Editor\Unity.exe
-adb2
-batchMode
-noUpm
-name
AssetImportWorker4
-projectPath
C:/Users/andre/Gioco-Unical/Gioco-UnicalGameForge/UnicalGameForge
-logFile
Logs/AssetImportWorker4.log
-srvPort
55705
Successfully changed project path to: C:/Users/andre/Gioco-Unical/Gioco-UnicalGameForge/UnicalGameForge
C:/Users/andre/Gioco-Unical/Gioco-UnicalGameForge/UnicalGameForge
[UnityMemory] Configuration Parameters - Can be set up in boot.config
    "memorysetup-bucket-allocator-granularity=16"
    "memorysetup-bucket-allocator-bucket-count=8"
    "memorysetup-bucket-allocator-block-size=33554432"
    "memorysetup-bucket-allocator-block-count=8"
    "memorysetup-main-allocator-block-size=16777216"
    "memorysetup-thread-allocator-block-size=16777216"
    "memorysetup-gfx-main-allocator-block-size=16777216"
    "memorysetup-gfx-thread-allocator-block-size=16777216"
    "memorysetup-cache-allocator-block-size=4194304"
    "memorysetup-typetree-allocator-block-size=2097152"
    "memorysetup-profiler-bucket-allocator-granularity=16"
    "memorysetup-profiler-bucket-allocator-bucket-count=8"
    "memorysetup-profiler-bucket-allocator-block-size=33554432"
    "memorysetup-profiler-bucket-allocator-block-count=8"
    "memorysetup-profiler-allocator-block-size=16777216"
    "memorysetup-profiler-editor-allocator-block-size=1048576"
    "memorysetup-temp-allocator-size-main=16777216"
    "memorysetup-job-temp-allocator-block-size=2097152"
    "memorysetup-job-temp-allocator-block-size-background=1048576"
    "memorysetup-job-temp-allocator-reduction-small-platforms=262144"
    "memorysetup-allocator-temp-initial-block-size-main=262144"
    "memorysetup-allocator-temp-initial-block-size-worker=262144"
    "memorysetup-temp-allocator-size-background-worker=32768"
    "memorysetup-temp-allocator-size-job-worker=262144"
    "memorysetup-temp-allocator-size-preload-manager=33554432"
    "memorysetup-temp-allocator-size-nav-mesh-worker=65536"
    "memorysetup-temp-allocator-size-audio-worker=65536"
    "memorysetup-temp-allocator-size-cloud-worker=32768"
    "memorysetup-temp-allocator-size-gi-baking-worker=262144"
    "memorysetup-temp-allocator-size-gfx=262144"
Player connection [22516] Host "[IP] 192.168.0.184 [Port] 0 [Flags] 2 [Guid] 651268955 [EditorId] 651268955 [Version] 1048832 [Id] WindowsEditor(7,TRAPEZIONE) [Debug] 1 [PackageName] WindowsEditor [ProjectName] Editor" joined multi-casting on [225.0.0.222:54997]...

Player connection [22516] Host "[IP] 192.168.0.184 [Port] 0 [Flags] 2 [Guid] 651268955 [EditorId] 651268955 [Version] 1048832 [Id] WindowsEditor(7,TRAPEZIONE) [Debug] 1 [PackageName] WindowsEditor [ProjectName] Editor" joined alternative multi-casting on [225.0.0.222:34997]...

[Physics::Module] Initialized MultithreadedJobDispatcher with 19 workers.
Refreshing native plugins compatible for Editor in 9.71 ms, found 3 plugins.
Preloading 0 native plugins for Editor in 0.00 ms.
Initialize engine version: 2022.3.27f1 (73effa14754f)
[Subsystems] Discovering subsystems at path C:/Program Files/Unity/Hub/Editor/2022.3.27f1/Editor/Data/Resources/UnitySubsystems
[Subsystems] Discovering subsystems at path C:/Users/andre/Gioco-Unical/Gioco-UnicalGameForge/UnicalGameForge/Assets
GfxDevice: creating device client; threaded=0; jobified=0
Direct3D:
    Version:  Direct3D 11.0 [level 11.1]
    Renderer: NVIDIA GeForce RTX 4060 Laptop GPU (ID=0x28e0)
    Vendor:   NVIDIA
    VRAM:     7957 MB
    Driver:   32.0.15.5599
Initialize mono
Mono path[0] = 'C:/Program Files/Unity/Hub/Editor/2022.3.27f1/Editor/Data/Managed'
Mono path[1] = 'C:/Program Files/Unity/Hub/Editor/2022.3.27f1/Editor/Data/MonoBleedingEdge/lib/mono/unityjit-win32'
Mono config path = 'C:/Program Files/Unity/Hub/Editor/2022.3.27f1/Editor/Data/MonoBleedingEdge/etc'
Using monoOptions --debugger-agent=transport=dt_socket,embedding=1,server=y,suspend=n,address=127.0.0.1:56308
Begin MonoManager ReloadAssembly
Registering precompiled unity dll's ...
Register platform support module: C:/Program Files/Unity/Hub/Editor/2022.3.27f1/Editor/Data/PlaybackEngines/WindowsStandaloneSupport/UnityEditor.WindowsStandalone.Extensions.dll
Registered in 0.007235 seconds.
- Loaded All Assemblies, in  0.316 seconds
Native extension for WindowsStandalone target not found
Mono: successfully reloaded assembly
- Finished resetting the current domain, in  0.269 seconds
Domain Reload Profiling: 584ms
	BeginReloadAssembly (116ms)
		ExecutionOrderSort (0ms)
		DisableScriptedObjects (0ms)
		BackupInstance (0ms)
		ReleaseScriptingObjects (0ms)
		CreateAndSetChildDomain (1ms)
	RebuildCommonClasses (29ms)
	RebuildNativeTypeToScriptingClass (8ms)
	initialDomainReloadingComplete (59ms)
	LoadAllAssembliesAndSetupDomain (102ms)
		LoadAssemblies (114ms)
		RebuildTransferFunctionScriptingTraits (0ms)
		AnalyzeDomain (100ms)
			TypeCache.Refresh (99ms)
				TypeCache.ScanAssembly (89ms)
			ScanForSourceGeneratedMonoScriptInfo (0ms)
			ResolveRequiredComponents (0ms)
	FinalizeReload (269ms)
		ReleaseScriptCaches (0ms)
		RebuildScriptCaches (0ms)
		SetupLoadedEditorAssemblies (220ms)
			LogAssemblyErrors (0ms)
			InitializePlatformSupportModulesInManaged (7ms)
			SetLoadedEditorAssemblies (6ms)
			RefreshPlugins (0ms)
			BeforeProcessingInitializeOnLoad (3ms)
			ProcessInitializeOnLoadAttributes (144ms)
			ProcessInitializeOnLoadMethodAttributes (59ms)
			AfterProcessingInitializeOnLoad (0ms)
			EditorAssembliesLoaded (0ms)
		ExecutionOrderSort2 (0ms)
		AwakeInstancesAfterBackupRestoration (0ms)
========================================================================
Worker process is ready to serve import requests
Begin MonoManager ReloadAssembly
- Loaded All Assemblies, in  0.774 seconds
Refreshing native plugins compatible for Editor in 5.58 ms, found 3 plugins.
Native extension for WindowsStandalone target not found
Package Manager log level set to [2]
[Package Manager] Server::EnsureServerProcessIsRunning -- launch failed, reason: Unity was launched with the -noUpm command-line argument
[Package Manager] UpmClient::Send -- Unable to send message (not connected to UPM process).
[Package Manager] Cannot connect to Unity Package Manager local server
Mono: successfully reloaded assembly
- Finished resetting the current domain, in  0.754 seconds
Domain Reload Profiling: 1525ms
	BeginReloadAssembly (157ms)
		ExecutionOrderSort (0ms)
		DisableScriptedObjects (4ms)
		BackupInstance (0ms)
		ReleaseScriptingObjects (0ms)
		CreateAndSetChildDomain (22ms)
	RebuildCommonClasses (29ms)
	RebuildNativeTypeToScriptingClass (11ms)
	initialDomainReloadingComplete (49ms)
	LoadAllAssembliesAndSetupDomain (524ms)
		LoadAssemblies (431ms)
		RebuildTransferFunctionScriptingTraits (0ms)
		AnalyzeDomain (196ms)
			TypeCache.Refresh (166ms)
				TypeCache.ScanAssembly (148ms)
			ScanForSourceGeneratedMonoScriptInfo (21ms)
			ResolveRequiredComponents (7ms)
	FinalizeReload (755ms)
		ReleaseScriptCaches (0ms)
		RebuildScriptCaches (0ms)
		SetupLoadedEditorAssemblies (595ms)
			LogAssemblyErrors (0ms)
			InitializePlatformSupportModulesInManaged (5ms)
			SetLoadedEditorAssemblies (3ms)
			RefreshPlugins (0ms)
			BeforeProcessingInitializeOnLoad (52ms)
			ProcessInitializeOnLoadAttributes (502ms)
			ProcessInitializeOnLoadMethodAttributes (28ms)
			AfterProcessingInitializeOnLoad (5ms)
			EditorAssembliesLoaded (0ms)
		ExecutionOrderSort2 (0ms)
		AwakeInstancesAfterBackupRestoration (6ms)
Launched and connected shader compiler UnityShaderCompiler.exe after 0.06 seconds
Refreshing native plugins compatible for Editor in 13.91 ms, found 3 plugins.
Preloading 0 native plugins for Editor in 0.00 ms.
Unloading 3598 Unused Serialized files (Serialized files now loaded: 0)
Unloading 49 unused Assets / (60.1 KB). Loaded Objects now: 4067.
Memory consumption went from 143.5 MB to 143.4 MB.
Total: 3.709300 ms (FindLiveObjects: 0.272500 ms CreateObjectMapping: 0.121200 ms MarkObjects: 3.077100 ms  DeleteObjects: 0.236900 ms)

AssetImportParameters requested are different than current active one (requested -> active):
  custom:container-demuxer-ogg: 62fdf1f143b41e24485cea50d1cbac27 -> 
  custom:video-codec-MediaFoundation-h265: 746d11721c4dcdbdad8f713fa42b33f4 -> 
  custom:video-decoder-ogg-theora: a1e56fd34408186e4bbccfd4996cb3dc -> 
  custom:framework-win-MediaFoundation: 216162199b28c13a410421893ffa2e32 -> 
  custom:CustomObjectIndexerAttribute: 9a22284fe3817be447336de3de66b15e -> 
  custom:container-demuxer-webm: 4f35f7cbe854078d1ac9338744f61a02 -> 
  custom:container-muxer-webm: aa71ff27fc2769a1b78a27578f13a17b -> 
  custom:video-decoder-webm-vp8: 9c59270c3fd7afecdb556c50c9e8de78 -> 
  custom:SearchIndexIgnoredProperties: e643bd26f0fe6173181afceb89e7c659 -> 
  custom:AudioImporter_EditorPlatform: d09bf68614088b80899f8185d706f6e7 -> 
  custom:video-encoder-webm-vp8: eb34c28f22e8b96e1ab97ce403110664 -> 
  custom:audio-decoder-ogg-vorbis: bf7c407c2cedff20999df2af8eb42d56 -> 
  custom:audio-encoder-webm-vorbis: bf7c407c2cedff20999df2af8eb42d56 -> 
========================================================================
Received Import Request.
  Time since last request: 8119.879246 seconds.
  path: Assets/Assets/Personaggio/Animazione/DashLoop
  artifactKey: Guid(a817b5fe534f04142952f6b1881fb4bc) Importer(815301076,1909f56bfc062723c751e8b465ee728b)
Start importing Assets/Assets/Personaggio/Animazione/DashLoop using Guid(a817b5fe534f04142952f6b1881fb4bc) Importer(815301076,1909f56bfc062723c751e8b465ee728b)  -> (artifact id: '24c8b1f6163082189974b448c1c9661b') in 0.005350 seconds
Number of updated asset objects reloaded before import = 0
Number of asset objects unloaded after import = 0
========================================================================
Received Import Request.
  Time since last request: 2.503948 seconds.
  path: Assets/Assets/Personaggio/Animazione/Weapons/BowAim/BowAim04.png
  artifactKey: Guid(1806a274e342c764988772e46b15de00) Importer(815301076,1909f56bfc062723c751e8b465ee728b)
Start importing Assets/Assets/Personaggio/Animazione/Weapons/BowAim/BowAim04.png using Guid(1806a274e342c764988772e46b15de00) Importer(815301076,1909f56bfc062723c751e8b465ee728b)  -> (artifact id: '7aad94e0036313b65553680873517e02') in 0.054439 seconds
Number of updated asset objects reloaded before import = 0
Number of asset objects unloaded after import = 2
========================================================================
Received Import Request.
  Time since last request: 109.774505 seconds.
  path: Assets/Assets/Personaggio/Animazione/anim.anim
  artifactKey: Guid(faa687eeee72e6346927b3967ede7d51) Importer(2089858483,0ecaa5967403d082aa24f35e1b516d23)
Start importing Assets/Assets/Personaggio/Animazione/anim.anim using Guid(faa687eeee72e6346927b3967ede7d51) Importer(2089858483,0ecaa5967403d082aa24f35e1b516d23)  -> (artifact id: '7c817f8b88f11e5469c93bee48c49653') in 0.081380 seconds
Number of updated asset objects reloaded before import = 0
Number of asset objects unloaded after import = 1
========================================================================
Received Import Request.
  Time since last request: 21.526677 seconds.
  path: Assets/Assets/Personaggio/Animazione/Idle/idle.anim
  artifactKey: Guid(be16d7fc779518d4794fe98edf4f7ca0) Importer(2089858483,0ecaa5967403d082aa24f35e1b516d23)
Start importing Assets/Assets/Personaggio/Animazione/Idle/idle.anim using Guid(be16d7fc779518d4794fe98edf4f7ca0) Importer(2089858483,0ecaa5967403d082aa24f35e1b516d23)  -> (artifact id: '44b806f2fcfa5c35d37a96ae74b37a17') in 0.021739 seconds
Number of updated asset objects reloaded before import = 0
Number of asset objects unloaded after import = 1
========================================================================
Received Import Request.
  Time since last request: 288.407385 seconds.
  path: Assets/Assets/Personaggio/Animazione/Walk/walk.anim
  artifactKey: Guid(c64187723e44bfd49b9d3fbade6c0f86) Importer(2089858483,0ecaa5967403d082aa24f35e1b516d23)
Start importing Assets/Assets/Personaggio/Animazione/Walk/walk.anim using Guid(c64187723e44bfd49b9d3fbade6c0f86) Importer(2089858483,0ecaa5967403d082aa24f35e1b516d23)  -> (artifact id: 'b309fe959ad535c2addaa5b829088738') in 0.027496 seconds
Number of updated asset objects reloaded before import = 0
Number of asset objects unloaded after import = 1
========================================================================
Received Import Request.
  Time since last request: 48.082895 seconds.
  path: Assets/Assets/Personaggio/Animazione/Walk/Walk01.png
  artifactKey: Guid(b6ba19775c5c9084c90a467f9dbe7da0) Importer(815301076,1909f56bfc062723c751e8b465ee728b)
Start importing Assets/Assets/Personaggio/Animazione/Walk/Walk01.png using Guid(b6ba19775c5c9084c90a467f9dbe7da0) Importer(815301076,1909f56bfc062723c751e8b465ee728b)  -> (artifact id: '26ef9dd05dcdec889936c84014e90045') in 0.168703 seconds
Number of updated asset objects reloaded before import = 0
Number of asset objects unloaded after import = 3
========================================================================
Received Import Request.
  Time since last request: 0.000033 seconds.
  path: Assets/Assets/Personaggio/Animazione/Walk/Walk04.png
  artifactKey: Guid(22c7b1c1add42fc479cb1430afe26b19) Importer(815301076,1909f56bfc062723c751e8b465ee728b)
Start importing Assets/Assets/Personaggio/Animazione/Walk/Walk04.png using Guid(22c7b1c1add42fc479cb1430afe26b19) Importer(815301076,1909f56bfc062723c751e8b465ee728b)  -> (artifact id: 'fb3f98ad5b2ba7e1ec0cc7901aeb6d5b') in 0.024370 seconds
Number of updated asset objects reloaded before import = 0
Number of asset objects unloaded after import = 3
========================================================================
Received Import Request.
  Time since last request: 0.000031 seconds.
  path: Assets/Assets/Personaggio/Animazione/Walk/Walk07.png
  artifactKey: Guid(b5510b4ee12ad964f88600b3643ee6b0) Importer(815301076,1909f56bfc062723c751e8b465ee728b)
Start importing Assets/Assets/Personaggio/Animazione/Walk/Walk07.png using Guid(b5510b4ee12ad964f88600b3643ee6b0) Importer(815301076,1909f56bfc062723c751e8b465ee728b)  -> (artifact id: '5259e1fde22f843f04086a3c182456a9') in 0.024615 seconds
Number of updated asset objects reloaded before import = 0
Number of asset objects unloaded after import = 3
========================================================================
Received Import Request.
  Time since last request: 54.274472 seconds.
  path: Assets/Assets/Personaggio/Animazione/PlayerController.controller
  artifactKey: Guid(89eb821ab8c38494e846bd64b10399a9) Importer(2089858483,0ecaa5967403d082aa24f35e1b516d23)
Start importing Assets/Assets/Personaggio/Animazione/PlayerController.controller using Guid(89eb821ab8c38494e846bd64b10399a9) Importer(2089858483,0ecaa5967403d082aa24f35e1b516d23)  -> (artifact id: '0b080701ba130a346f9a4ae6abe330e7') in 0.021628 seconds
Number of updated asset objects reloaded before import = 0
Number of asset objects unloaded after import = 7
========================================================================
Received Import Request.
  Time since last request: 26.060516 seconds.
  path: Assets/Assets/Personaggio/Animazione/PlayerController.controller
  artifactKey: Guid(89eb821ab8c38494e846bd64b10399a9) Importer(815301076,1909f56bfc062723c751e8b465ee728b)
Start importing Assets/Assets/Personaggio/Animazione/PlayerController.controller using Guid(89eb821ab8c38494e846bd64b10399a9) Importer(815301076,1909f56bfc062723c751e8b465ee728b)  -> (artifact id: '496175d4a25cfabc58ee5ee4bec2556e') in 0.002319 seconds
Number of updated asset objects reloaded before import = 0
Number of asset objects unloaded after import = 7
========================================================================
Received Prepare
Begin MonoManager ReloadAssembly
- Loaded All Assemblies, in  0.444 seconds
Refreshing native plugins compatible for Editor in 3.34 ms, found 3 plugins.
Native extension for WindowsStandalone target not found
[Package Manager] Server::EnsureServerProcessIsRunning -- launch failed, reason: Unity was launched with the -noUpm command-line argument
[Package Manager] UpmClient::Send -- Unable to send message (not connected to UPM process).
[Package Manager] Cannot connect to Unity Package Manager local server
Mono: successfully reloaded assembly
- Finished resetting the current domain, in  0.870 seconds
Domain Reload Profiling: 1312ms
	BeginReloadAssembly (156ms)
		ExecutionOrderSort (0ms)
		DisableScriptedObjects (3ms)
		BackupInstance (0ms)
		ReleaseScriptingObjects (0ms)
		CreateAndSetChildDomain (51ms)
	RebuildCommonClasses (24ms)
	RebuildNativeTypeToScriptingClass (8ms)
	initialDomainReloadingComplete (24ms)
	LoadAllAssembliesAndSetupDomain (228ms)
		LoadAssemblies (290ms)
		RebuildTransferFunctionScriptingTraits (0ms)
		AnalyzeDomain (12ms)
			TypeCache.Refresh (6ms)
				TypeCache.ScanAssembly (0ms)
			ScanForSourceGeneratedMonoScriptInfo (0ms)
			ResolveRequiredComponents (4ms)
	FinalizeReload (870ms)
		ReleaseScriptCaches (0ms)
		RebuildScriptCaches (0ms)
		SetupLoadedEditorAssemblies (507ms)
			LogAssemblyErrors (0ms)
			InitializePlatformSupportModulesInManaged (4ms)
			SetLoadedEditorAssemblies (2ms)
			RefreshPlugins (0ms)
			BeforeProcessingInitializeOnLoad (49ms)
			ProcessInitializeOnLoadAttributes (425ms)
			ProcessInitializeOnLoadMethodAttributes (21ms)
			AfterProcessingInitializeOnLoad (5ms)
			EditorAssembliesLoaded (0ms)
		ExecutionOrderSort2 (0ms)
		AwakeInstancesAfterBackupRestoration (5ms)
Refreshing native plugins compatible for Editor in 3.23 ms, found 3 plugins.
Preloading 0 native plugins for Editor in 0.00 ms.
Unloading 3590 Unused Serialized files (Serialized files now loaded: 0)
Unloading 33 unused Assets / (34.2 KB). Loaded Objects now: 4077.
Memory consumption went from 146.3 MB to 146.3 MB.
Total: 4.529700 ms (FindLiveObjects: 0.631700 ms CreateObjectMapping: 0.169800 ms MarkObjects: 3.620500 ms  DeleteObjects: 0.105000 ms)

Prepare: number of updated asset objects reloaded= 0
AssetImportParameters requested are different than current active one (requested -> active):
  custom:container-demuxer-ogg: 62fdf1f143b41e24485cea50d1cbac27 -> 
  custom:video-codec-MediaFoundation-h265: 746d11721c4dcdbdad8f713fa42b33f4 -> 
  custom:video-decoder-ogg-theora: a1e56fd34408186e4bbccfd4996cb3dc -> 
  custom:framework-win-MediaFoundation: 216162199b28c13a410421893ffa2e32 -> 
  custom:CustomObjectIndexerAttribute: 9a22284fe3817be447336de3de66b15e -> 
  custom:container-demuxer-webm: 4f35f7cbe854078d1ac9338744f61a02 -> 
  custom:container-muxer-webm: aa71ff27fc2769a1b78a27578f13a17b -> 
  custom:video-decoder-webm-vp8: 9c59270c3fd7afecdb556c50c9e8de78 -> 
  custom:SearchIndexIgnoredProperties: e643bd26f0fe6173181afceb89e7c659 -> 
  custom:AudioImporter_EditorPlatform: d09bf68614088b80899f8185d706f6e7 -> 
  custom:video-encoder-webm-vp8: eb34c28f22e8b96e1ab97ce403110664 -> 
  custom:audio-decoder-ogg-vorbis: bf7c407c2cedff20999df2af8eb42d56 -> 
  custom:audio-encoder-webm-vorbis: bf7c407c2cedff20999df2af8eb42d56 -> 
========================================================================
Received Import Request.
  Time since last request: 116.938758 seconds.
  path: Assets/Assets/Personaggio/Animazione/PlayerController.controller
  artifactKey: Guid(89eb821ab8c38494e846bd64b10399a9) Importer(2089858483,0ecaa5967403d082aa24f35e1b516d23)
Start importing Assets/Assets/Personaggio/Animazione/PlayerController.controller using Guid(89eb821ab8c38494e846bd64b10399a9) Importer(2089858483,0ecaa5967403d082aa24f35e1b516d23)  -> (artifact id: 'b5d25e82b330f277ce8bb9f0e7461e08') in 0.080117 seconds
Number of updated asset objects reloaded before import = 0
Number of asset objects unloaded after import = 9
========================================================================
Received Prepare
Begin MonoManager ReloadAssembly
- Loaded All Assemblies, in  0.415 seconds
Refreshing native plugins compatible for Editor in 3.30 ms, found 3 plugins.
Native extension for WindowsStandalone target not found
[Package Manager] Server::EnsureServerProcessIsRunning -- launch failed, reason: Unity was launched with the -noUpm command-line argument
[Package Manager] UpmClient::Send -- Unable to send message (not connected to UPM process).
[Package Manager] Cannot connect to Unity Package Manager local server
Mono: successfully reloaded assembly
- Finished resetting the current domain, in  0.934 seconds
Domain Reload Profiling: 1347ms
	BeginReloadAssembly (137ms)
		ExecutionOrderSort (0ms)
		DisableScriptedObjects (4ms)
		BackupInstance (0ms)
		ReleaseScriptingObjects (0ms)
		CreateAndSetChildDomain (32ms)
	RebuildCommonClasses (27ms)
	RebuildNativeTypeToScriptingClass (9ms)
	initialDomainReloadingComplete (26ms)
	LoadAllAssembliesAndSetupDomain (214ms)
		LoadAssemblies (266ms)
		RebuildTransferFunctionScriptingTraits (0ms)
		AnalyzeDomain (17ms)
			TypeCache.Refresh (9ms)
				TypeCache.ScanAssembly (0ms)
			ScanForSourceGeneratedMonoScriptInfo (0ms)
			ResolveRequiredComponents (5ms)
	FinalizeReload (935ms)
		ReleaseScriptCaches (0ms)
		RebuildScriptCaches (0ms)
		SetupLoadedEditorAssemblies (557ms)
			LogAssemblyErrors (0ms)
			InitializePlatformSupportModulesInManaged (5ms)
			SetLoadedEditorAssemblies (4ms)
			RefreshPlugins (0ms)
			BeforeProcessingInitializeOnLoad (53ms)
			ProcessInitializeOnLoadAttributes (464ms)
			ProcessInitializeOnLoadMethodAttributes (25ms)
			AfterProcessingInitializeOnLoad (5ms)
			EditorAssembliesLoaded (0ms)
		ExecutionOrderSort2 (0ms)
		AwakeInstancesAfterBackupRestoration (5ms)
Refreshing native plugins compatible for Editor in 3.44 ms, found 3 plugins.
Preloading 0 native plugins for Editor in 0.00 ms.
Unloading 3590 Unused Serialized files (Serialized files now loaded: 0)
Unloading 33 unused Assets / (34.2 KB). Loaded Objects now: 4080.
Memory consumption went from 146.3 MB to 146.3 MB.
Total: 3.719900 ms (FindLiveObjects: 0.340100 ms CreateObjectMapping: 0.130300 ms MarkObjects: 3.195700 ms  DeleteObjects: 0.052600 ms)

Prepare: number of updated asset objects reloaded= 0
AssetImportParameters requested are different than current active one (requested -> active):
  custom:container-demuxer-ogg: 62fdf1f143b41e24485cea50d1cbac27 -> 
  custom:video-codec-MediaFoundation-h265: 746d11721c4dcdbdad8f713fa42b33f4 -> 
  custom:video-decoder-ogg-theora: a1e56fd34408186e4bbccfd4996cb3dc -> 
  custom:framework-win-MediaFoundation: 216162199b28c13a410421893ffa2e32 -> 
  custom:CustomObjectIndexerAttribute: 9a22284fe3817be447336de3de66b15e -> 
  custom:container-demuxer-webm: 4f35f7cbe854078d1ac9338744f61a02 -> 
  custom:container-muxer-webm: aa71ff27fc2769a1b78a27578f13a17b -> 
  custom:video-decoder-webm-vp8: 9c59270c3fd7afecdb556c50c9e8de78 -> 
  custom:SearchIndexIgnoredProperties: e643bd26f0fe6173181afceb89e7c659 -> 
  custom:AudioImporter_EditorPlatform: d09bf68614088b80899f8185d706f6e7 -> 
  custom:video-encoder-webm-vp8: eb34c28f22e8b96e1ab97ce403110664 -> 
  custom:audio-decoder-ogg-vorbis: bf7c407c2cedff20999df2af8eb42d56 -> 
  custom:audio-encoder-webm-vorbis: bf7c407c2cedff20999df2af8eb42d56 -> 
========================================================================
Received Import Request.
  Time since last request: 53.730980 seconds.
  path: Assets/Assets/Personaggio/Animazione/PlayerController.controller
  artifactKey: Guid(89eb821ab8c38494e846bd64b10399a9) Importer(815301076,1909f56bfc062723c751e8b465ee728b)
Start importing Assets/Assets/Personaggio/Animazione/PlayerController.controller using Guid(89eb821ab8c38494e846bd64b10399a9) Importer(815301076,1909f56bfc062723c751e8b465ee728b)  -> (artifact id: '1a3d6d461c70aea859f2e82a54b0470d') in 0.017747 seconds
Number of updated asset objects reloaded before import = 0
Number of asset objects unloaded after import = 9
========================================================================
Received Import Request.
  Time since last request: 0.302713 seconds.
  path: Assets/Assets/Personaggio/Animazione/PlayerController.controller
  artifactKey: Guid(89eb821ab8c38494e846bd64b10399a9) Importer(815301076,1909f56bfc062723c751e8b465ee728b)
Start importing Assets/Assets/Personaggio/Animazione/PlayerController.controller using Guid(89eb821ab8c38494e846bd64b10399a9) Importer(815301076,1909f56bfc062723c751e8b465ee728b)  -> (artifact id: '284dcd36c9bbc032a7a215a1155dd36a') in 0.001751 seconds
Number of updated asset objects reloaded before import = 0
Number of asset objects unloaded after import = 9
========================================================================
Received Import Request.
  Time since last request: 0.973990 seconds.
  path: Assets/Assets/Personaggio/Animazione/PlayerController.controller
  artifactKey: Guid(89eb821ab8c38494e846bd64b10399a9) Importer(2089858483,0ecaa5967403d082aa24f35e1b516d23)
Start importing Assets/Assets/Personaggio/Animazione/PlayerController.controller using Guid(89eb821ab8c38494e846bd64b10399a9) Importer(2089858483,0ecaa5967403d082aa24f35e1b516d23)  -> (artifact id: '047df599e22b001ed1a77dd4e00e9850') in 0.077947 seconds
Number of updated asset objects reloaded before import = 0
Number of asset objects unloaded after import = 9
========================================================================
Received Prepare
Begin MonoManager ReloadAssembly
- Loaded All Assemblies, in  0.435 seconds
Refreshing native plugins compatible for Editor in 3.29 ms, found 3 plugins.
Native extension for WindowsStandalone target not found
[Package Manager] Server::EnsureServerProcessIsRunning -- launch failed, reason: Unity was launched with the -noUpm command-line argument
[Package Manager] UpmClient::Send -- Unable to send message (not connected to UPM process).
[Package Manager] Cannot connect to Unity Package Manager local server
Mono: successfully reloaded assembly
- Finished resetting the current domain, in  0.930 seconds
Domain Reload Profiling: 1363ms
	BeginReloadAssembly (163ms)
		ExecutionOrderSort (0ms)
		DisableScriptedObjects (4ms)
		BackupInstance (0ms)
		ReleaseScriptingObjects (0ms)
		CreateAndSetChildDomain (41ms)
	RebuildCommonClasses (29ms)
	RebuildNativeTypeToScriptingClass (12ms)
	initialDomainReloadingComplete (27ms)
	LoadAllAssembliesAndSetupDomain (202ms)
		LoadAssemblies (277ms)
		RebuildTransferFunctionScriptingTraits (0ms)
		AnalyzeDomain (14ms)
			TypeCache.Refresh (8ms)
				TypeCache.ScanAssembly (0ms)
			ScanForSourceGeneratedMonoScriptInfo (0ms)
			ResolveRequiredComponents (5ms)
	FinalizeReload (930ms)
		ReleaseScriptCaches (0ms)
		RebuildScriptCaches (0ms)
		SetupLoadedEditorAssemblies (552ms)
			LogAssemblyErrors (0ms)
			InitializePlatformSupportModulesInManaged (7ms)
			SetLoadedEditorAssemblies (3ms)
			RefreshPlugins (0ms)
			BeforeProcessingInitializeOnLoad (53ms)
			ProcessInitializeOnLoadAttributes (455ms)
			ProcessInitializeOnLoadMethodAttributes (27ms)
			AfterProcessingInitializeOnLoad (6ms)
			EditorAssembliesLoaded (0ms)
		ExecutionOrderSort2 (0ms)
		AwakeInstancesAfterBackupRestoration (5ms)
Refreshing native plugins compatible for Editor in 5.73 ms, found 3 plugins.
Preloading 0 native plugins for Editor in 0.00 ms.
Unloading 3590 Unused Serialized files (Serialized files now loaded: 0)
Unloading 33 unused Assets / (34.2 KB). Loaded Objects now: 4083.
Memory consumption went from 146.3 MB to 146.3 MB.
Total: 4.448400 ms (FindLiveObjects: 0.325300 ms CreateObjectMapping: 0.246500 ms MarkObjects: 3.783900 ms  DeleteObjects: 0.090800 ms)

Prepare: number of updated asset objects reloaded= 0
AssetImportParameters requested are different than current active one (requested -> active):
  custom:container-demuxer-ogg: 62fdf1f143b41e24485cea50d1cbac27 -> 
  custom:video-codec-MediaFoundation-h265: 746d11721c4dcdbdad8f713fa42b33f4 -> 
  custom:video-decoder-ogg-theora: a1e56fd34408186e4bbccfd4996cb3dc -> 
  custom:framework-win-MediaFoundation: 216162199b28c13a410421893ffa2e32 -> 
  custom:CustomObjectIndexerAttribute: 9a22284fe3817be447336de3de66b15e -> 
  custom:container-demuxer-webm: 4f35f7cbe854078d1ac9338744f61a02 -> 
  custom:container-muxer-webm: aa71ff27fc2769a1b78a27578f13a17b -> 
  custom:video-decoder-webm-vp8: 9c59270c3fd7afecdb556c50c9e8de78 -> 
  custom:SearchIndexIgnoredProperties: e643bd26f0fe6173181afceb89e7c659 -> 
  custom:AudioImporter_EditorPlatform: d09bf68614088b80899f8185d706f6e7 -> 
  custom:video-encoder-webm-vp8: eb34c28f22e8b96e1ab97ce403110664 -> 
  custom:audio-decoder-ogg-vorbis: bf7c407c2cedff20999df2af8eb42d56 -> 
  custom:audio-encoder-webm-vorbis: bf7c407c2cedff20999df2af8eb42d56 -> 
========================================================================
Received Import Request.
  Time since last request: 138.012387 seconds.
  path: Assets/Assets/Personaggio/Player.prefab
  artifactKey: Guid(55fe542edd01a7842b30406aa6b83c09) Importer(815301076,1909f56bfc062723c751e8b465ee728b)
Start importing Assets/Assets/Personaggio/Player.prefab using Guid(55fe542edd01a7842b30406aa6b83c09) Importer(815301076,1909f56bfc062723c751e8b465ee728b)  -> (artifact id: 'cf8eb2ee462fb487b434d53ac2553404') in 0.102126 seconds
Number of updated asset objects reloaded before import = 0
Number of asset objects unloaded after import = 54
========================================================================
Received Import Request.
  Time since last request: 0.857163 seconds.
  path: Assets/Assets/Personaggio/Player.prefab
  artifactKey: Guid(55fe542edd01a7842b30406aa6b83c09) Importer(2089858483,0ecaa5967403d082aa24f35e1b516d23)
Start importing Assets/Assets/Personaggio/Player.prefab using Guid(55fe542edd01a7842b30406aa6b83c09) Importer(2089858483,0ecaa5967403d082aa24f35e1b516d23)  -> (artifact id: 'afdd9a849c4a053cd80018a2748f0539') in 0.112722 seconds
Number of updated asset objects reloaded before import = 0
Number of asset objects unloaded after import = 17
========================================================================
Received Import Request.
  Time since last request: 162.180333 seconds.
  path: Assets/Assets/Terreno/Grass_37.terrainlayer
  artifactKey: Guid(8fe80da56fda00d458280f07ea78052b) Importer(815301076,1909f56bfc062723c751e8b465ee728b)
Start importing Assets/Assets/Terreno/Grass_37.terrainlayer using Guid(8fe80da56fda00d458280f07ea78052b) Importer(815301076,1909f56bfc062723c751e8b465ee728b)  -> (artifact id: 'da41a64f07c0abe8c68928ef0949cb02') in 0.015466 seconds
Number of updated asset objects reloaded before import = 0
Number of asset objects unloaded after import = 1
========================================================================
Received Import Request.
  Time since last request: 0.954268 seconds.
  path: Assets/Assets/Terreno/Grass_37.terrainlayer
  artifactKey: Guid(8fe80da56fda00d458280f07ea78052b) Importer(2089858483,0ecaa5967403d082aa24f35e1b516d23)
Start importing Assets/Assets/Terreno/Grass_37.terrainlayer using Guid(8fe80da56fda00d458280f07ea78052b) Importer(2089858483,0ecaa5967403d082aa24f35e1b516d23)  -> (artifact id: 'ef34e0abf1bb235121b6d0fae75c9334') in 0.038182 seconds
Number of updated asset objects reloaded before import = 0
Number of asset objects unloaded after import = 1
========================================================================
Received Import Request.
  Time since last request: 2.141610 seconds.
  path: Assets/Assets/Terreno/Grass_37_Albedo.png
  artifactKey: Guid(cf3e561e5ece68549928b83ecba035c9) Importer(815301076,1909f56bfc062723c751e8b465ee728b)
Start importing Assets/Assets/Terreno/Grass_37_Albedo.png using Guid(cf3e561e5ece68549928b83ecba035c9) Importer(815301076,1909f56bfc062723c751e8b465ee728b)  -> (artifact id: '7af53f1cb19861e916070eca039a7a58') in 0.035438 seconds
Number of updated asset objects reloaded before import = 0
Number of asset objects unloaded after import = 2
========================================================================
Received Import Request.
  Time since last request: 0.923122 seconds.
  path: Assets/Assets/Terreno/Grass_37_Albedo.png
  artifactKey: Guid(cf3e561e5ece68549928b83ecba035c9) Importer(2089858483,0ecaa5967403d082aa24f35e1b516d23)
Start importing Assets/Assets/Terreno/Grass_37_Albedo.png using Guid(cf3e561e5ece68549928b83ecba035c9) Importer(2089858483,0ecaa5967403d082aa24f35e1b516d23)  -> (artifact id: '64ab7fcb99abcfb6a93ddb7eeeef3dd7') in 0.056046 seconds
Number of updated asset objects reloaded before import = 0
Number of asset objects unloaded after import = 1
========================================================================
Received Import Request.
  Time since last request: 18.110052 seconds.
  path: Assets/Assets/Terreno/NewLayer.terrainlayer
  artifactKey: Guid(eedb48dd874811740acc03f2da5a5f1d) Importer(2089858483,0ecaa5967403d082aa24f35e1b516d23)
Start importing Assets/Assets/Terreno/NewLayer.terrainlayer using Guid(eedb48dd874811740acc03f2da5a5f1d) Importer(2089858483,0ecaa5967403d082aa24f35e1b516d23)  -> (artifact id: '006b7e34529a28264989b51f6d6495b1') in 0.018488 seconds
Number of updated asset objects reloaded before import = 0
Number of asset objects unloaded after import = 1
========================================================================
Received Import Request.
  Time since last request: 8.564902 seconds.
  path: Assets/Assets/Edifici
  artifactKey: Guid(c49d08215326ed142906bba77405330d) Importer(815301076,1909f56bfc062723c751e8b465ee728b)
Start importing Assets/Assets/Edifici using Guid(c49d08215326ed142906bba77405330d) Importer(815301076,1909f56bfc062723c751e8b465ee728b)  -> (artifact id: '352e08c072852dc38fb4f3a821838569') in 0.000428 seconds
Number of updated asset objects reloaded before import = 0
Number of asset objects unloaded after import = 0
========================================================================
Received Import Request.
  Time since last request: 0.976043 seconds.
  path: Assets/Assets/Edifici
  artifactKey: Guid(c49d08215326ed142906bba77405330d) Importer(2089858483,0ecaa5967403d082aa24f35e1b516d23)
Start importing Assets/Assets/Edifici using Guid(c49d08215326ed142906bba77405330d) Importer(2089858483,0ecaa5967403d082aa24f35e1b516d23)  -> (artifact id: '11232d6ff1c7c4640454d8ffa8ac32f6') in 0.022877 seconds
Number of updated asset objects reloaded before import = 0
Number of asset objects unloaded after import = 1
========================================================================
Received Import Request.
  Time since last request: 3.200229 seconds.
  path: Assets/Assets/Edifici/Case
  artifactKey: Guid(4df109fcc6c4f594a8b286bd93e29fa1) Importer(815301076,1909f56bfc062723c751e8b465ee728b)
Start importing Assets/Assets/Edifici/Case using Guid(4df109fcc6c4f594a8b286bd93e29fa1) Importer(815301076,1909f56bfc062723c751e8b465ee728b)  -> (artifact id: '273eee23deeef020a53b0654f8c2aa47') in 0.000684 seconds
Number of updated asset objects reloaded before import = 0
Number of asset objects unloaded after import = 0
========================================================================
Received Import Request.
  Time since last request: 0.975188 seconds.
  path: Assets/Assets/Edifici/Case
  artifactKey: Guid(4df109fcc6c4f594a8b286bd93e29fa1) Importer(2089858483,0ecaa5967403d082aa24f35e1b516d23)
Start importing Assets/Assets/Edifici/Case using Guid(4df109fcc6c4f594a8b286bd93e29fa1) Importer(2089858483,0ecaa5967403d082aa24f35e1b516d23)  -> (artifact id: '7b81318ecc62c89f0d8797364cb50040') in 0.015263 seconds
Number of updated asset objects reloaded before import = 0
Number of asset objects unloaded after import = 1
========================================================================
Received Import Request.
  Time since last request: 22.260739 seconds.
  path: Assets/Assets/Edifici/Case/_halloween_The_obje_1023105129_refine.prefab
  artifactKey: Guid(c01c18585e1a0964aae073fcb02d23cb) Importer(815301076,1909f56bfc062723c751e8b465ee728b)
Start importing Assets/Assets/Edifici/Case/_halloween_The_obje_1023105129_refine.prefab using Guid(c01c18585e1a0964aae073fcb02d23cb) Importer(815301076,1909f56bfc062723c751e8b465ee728b)  -> (artifact id: 'c72ebb306e5ce80a36045dee1729c862') in 0.002855 seconds
Number of updated asset objects reloaded before import = 0
Number of asset objects unloaded after import = 1
========================================================================
Received Import Request.
  Time since last request: 0.004583 seconds.
  path: Assets/Assets/Edifici/Case/CaddyGigaHorse.prefab
  artifactKey: Guid(5372837e02f1f2b49bba03fc6de8ac6c) Importer(815301076,1909f56bfc062723c751e8b465ee728b)
Start importing Assets/Assets/Edifici/Case/CaddyGigaHorse.prefab using Guid(5372837e02f1f2b49bba03fc6de8ac6c) Importer(815301076,1909f56bfc062723c751e8b465ee728b)  -> (artifact id: '0c41bd4ddc7ab35bb5fb2b1659fb1427') in 0.002051 seconds
Number of updated asset objects reloaded before import = 0
Number of asset objects unloaded after import = 1
========================================================================
Received Import Request.
  Time since last request: 0.000053 seconds.
  path: Assets/Assets/Edifici/Case/Crea_una_casa_in_stil_1022160806_refine.prefab
  artifactKey: Guid(7b44263702095414b999aa6240b11bdc) Importer(815301076,1909f56bfc062723c751e8b465ee728b)
Start importing Assets/Assets/Edifici/Case/Crea_una_casa_in_stil_1022160806_refine.prefab using Guid(7b44263702095414b999aa6240b11bdc) Importer(815301076,1909f56bfc062723c751e8b465ee728b)  -> (artifact id: '0a7762044ec5a44499afdb98886448ba') in 0.001377 seconds
Number of updated asset objects reloaded before import = 0
Number of asset objects unloaded after import = 1
========================================================================
Received Import Request.
  Time since last request: 0.000095 seconds.
  path: Assets/Assets/Edifici/Case/Medieval_House_Illust_1022110128.prefab
  artifactKey: Guid(bab17237a36306040aa6876442c4fc02) Importer(815301076,1909f56bfc062723c751e8b465ee728b)
Start importing Assets/Assets/Edifici/Case/Medieval_House_Illust_1022110128.prefab using Guid(bab17237a36306040aa6876442c4fc02) Importer(815301076,1909f56bfc062723c751e8b465ee728b)  -> (artifact id: 'b5b423390b9e7a8b66c2146f1bab8abe') in 0.001996 seconds
Number of updated asset objects reloaded before import = 0
Number of asset objects unloaded after import = 1
========================================================================
Received Import Request.
  Time since last request: 0.951337 seconds.
  path: Assets/Assets/Edifici/Case/Medieval_House_Illust_1022110128.prefab
  artifactKey: Guid(bab17237a36306040aa6876442c4fc02) Importer(2089858483,0ecaa5967403d082aa24f35e1b516d23)
Start importing Assets/Assets/Edifici/Case/Medieval_House_Illust_1022110128.prefab using Guid(bab17237a36306040aa6876442c4fc02) Importer(2089858483,0ecaa5967403d082aa24f35e1b516d23)  -> (artifact id: '49ee2cf2bdc8ca5e8aa5af79fc989614') in 0.024322 seconds
Number of updated asset objects reloaded before import = 0
Number of asset objects unloaded after import = 2
========================================================================
Received Import Request.
  Time since last request: 0.000023 seconds.
  path: Assets/Assets/Edifici/Case/Casa_1022163935.prefab
  artifactKey: Guid(4a73b5469f92f564996581786f548032) Importer(2089858483,0ecaa5967403d082aa24f35e1b516d23)
Start importing Assets/Assets/Edifici/Case/Casa_1022163935.prefab using Guid(4a73b5469f92f564996581786f548032) Importer(2089858483,0ecaa5967403d082aa24f35e1b516d23)  -> (artifact id: '5b1cc4f362b16e9f2970b3db7c133895') in 0.021756 seconds
Number of updated asset objects reloaded before import = 0
Number of asset objects unloaded after import = 2
========================================================================
Received Import Request.
  Time since last request: 0.000025 seconds.
  path: Assets/Assets/Edifici/Case/_halloween_The_obje_1023105129_refine.prefab
  artifactKey: Guid(c01c18585e1a0964aae073fcb02d23cb) Importer(2089858483,0ecaa5967403d082aa24f35e1b516d23)
Start importing Assets/Assets/Edifici/Case/_halloween_The_obje_1023105129_refine.prefab using Guid(c01c18585e1a0964aae073fcb02d23cb) Importer(2089858483,0ecaa5967403d082aa24f35e1b516d23)  -> (artifact id: '895f6eeb962a404bf644742a12acaa3e') in 0.024755 seconds
Number of updated asset objects reloaded before import = 0
Number of asset objects unloaded after import = 2
========================================================================
Received Import Request.
  Time since last request: 0.000030 seconds.
  path: Assets/Assets/Edifici/Case/Crea_una_casa_in_stil_1022160806_refine.prefab
  artifactKey: Guid(7b44263702095414b999aa6240b11bdc) Importer(2089858483,0ecaa5967403d082aa24f35e1b516d23)
Start importing Assets/Assets/Edifici/Case/Crea_una_casa_in_stil_1022160806_refine.prefab using Guid(7b44263702095414b999aa6240b11bdc) Importer(2089858483,0ecaa5967403d082aa24f35e1b516d23)  -> (artifact id: '3a459c5b1c2c767271ca7be0e612f87a') in 0.019926 seconds
Number of updated asset objects reloaded before import = 0
Number of asset objects unloaded after import = 2
========================================================================
Received Import Request.
  Time since last request: 16.544983 seconds.
  path: Assets/Assets/Edifici/Case/Medieval_House_Illust_1022110128.fbx
  artifactKey: Guid(0a2da18c8117fac4397b11a0b3703b5a) Importer(815301076,1909f56bfc062723c751e8b465ee728b)
Start importing Assets/Assets/Edifici/Case/Medieval_House_Illust_1022110128.fbx using Guid(0a2da18c8117fac4397b11a0b3703b5a) Importer(815301076,1909f56bfc062723c751e8b465ee728b)  -> (artifact id: '0d509f0b0f10cbf6dcd71f8aff2e55f3') in 0.502977 seconds
Number of updated asset objects reloaded before import = 0
Number of asset objects unloaded after import = 7
========================================================================
Received Import Request.
  Time since last request: 0.391191 seconds.
  path: Assets/Assets/Edifici/Case/Medieval_House_Illust_1022110128.fbx
  artifactKey: Guid(0a2da18c8117fac4397b11a0b3703b5a) Importer(2089858483,0ecaa5967403d082aa24f35e1b516d23)
Start importing Assets/Assets/Edifici/Case/Medieval_House_Illust_1022110128.fbx using Guid(0a2da18c8117fac4397b11a0b3703b5a) Importer(2089858483,0ecaa5967403d082aa24f35e1b516d23)  -> (artifact id: '612ceb18367ac203b8c23663a040d795') in 0.064664 seconds
Number of updated asset objects reloaded before import = 0
Number of asset objects unloaded after import = 7
========================================================================
Received Import Request.
  Time since last request: 16.055555 seconds.
  path: Assets/Assets/Edifici/Case/Materials
  artifactKey: Guid(d331a8df3c98bcc4bb528e9dfc142b36) Importer(2089858483,0ecaa5967403d082aa24f35e1b516d23)
Start importing Assets/Assets/Edifici/Case/Materials using Guid(d331a8df3c98bcc4bb528e9dfc142b36) Importer(2089858483,0ecaa5967403d082aa24f35e1b516d23)  -> (artifact id: 'af077cb0808b5c4d04595ddf4d99de9f') in 0.017849 seconds
Number of updated asset objects reloaded before import = 0
Number of asset objects unloaded after import = 1
========================================================================
Received Prepare
Begin MonoManager ReloadAssembly
- Loaded All Assemblies, in  0.704 seconds
Refreshing native plugins compatible for Editor in 3.39 ms, found 3 plugins.
Native extension for WindowsStandalone target not found
[Package Manager] Server::EnsureServerProcessIsRunning -- launch failed, reason: Unity was launched with the -noUpm command-line argument
[Package Manager] UpmClient::Send -- Unable to send message (not connected to UPM process).
[Package Manager] Cannot connect to Unity Package Manager local server
Mono: successfully reloaded assembly
- Finished resetting the current domain, in  1.440 seconds
Domain Reload Profiling: 2143ms
	BeginReloadAssembly (251ms)
		ExecutionOrderSort (0ms)
		DisableScriptedObjects (9ms)
		BackupInstance (0ms)
		ReleaseScriptingObjects (0ms)
		CreateAndSetChildDomain (91ms)
	RebuildCommonClasses (29ms)
	RebuildNativeTypeToScriptingClass (11ms)
	initialDomainReloadingComplete (45ms)
	LoadAllAssembliesAndSetupDomain (367ms)
		LoadAssemblies (459ms)
		RebuildTransferFunctionScriptingTraits (0ms)
		AnalyzeDomain (17ms)
			TypeCache.Refresh (10ms)
				TypeCache.ScanAssembly (0ms)
			ScanForSourceGeneratedMonoScriptInfo (0ms)
			ResolveRequiredComponents (5ms)
	FinalizeReload (1440ms)
		ReleaseScriptCaches (0ms)
		RebuildScriptCaches (0ms)
		SetupLoadedEditorAssemblies (708ms)
			LogAssemblyErrors (0ms)
			InitializePlatformSupportModulesInManaged (6ms)
			SetLoadedEditorAssemblies (2ms)
			RefreshPlugins (0ms)
			BeforeProcessingInitializeOnLoad (61ms)
			ProcessInitializeOnLoadAttributes (600ms)
			ProcessInitializeOnLoadMethodAttributes (29ms)
			AfterProcessingInitializeOnLoad (9ms)
			EditorAssembliesLoaded (1ms)
		ExecutionOrderSort2 (0ms)
		AwakeInstancesAfterBackupRestoration (11ms)
Refreshing native plugins compatible for Editor in 8.02 ms, found 3 plugins.
Preloading 0 native plugins for Editor in 0.00 ms.
Unloading 3590 Unused Serialized files (Serialized files now loaded: 0)
Unloading 32 unused Assets / (33.3 KB). Loaded Objects now: 4098.
Memory consumption went from 146.7 MB to 146.7 MB.
Total: 6.405800 ms (FindLiveObjects: 0.652500 ms CreateObjectMapping: 0.204800 ms MarkObjects: 5.435000 ms  DeleteObjects: 0.110500 ms)

Prepare: number of updated asset objects reloaded= 0
AssetImportParameters requested are different than current active one (requested -> active):
  custom:container-demuxer-ogg: 62fdf1f143b41e24485cea50d1cbac27 -> 
  custom:video-codec-MediaFoundation-h265: 746d11721c4dcdbdad8f713fa42b33f4 -> 
  custom:video-decoder-ogg-theora: a1e56fd34408186e4bbccfd4996cb3dc -> 
  custom:framework-win-MediaFoundation: 216162199b28c13a410421893ffa2e32 -> 
  custom:CustomObjectIndexerAttribute: 9a22284fe3817be447336de3de66b15e -> 
  custom:container-demuxer-webm: 4f35f7cbe854078d1ac9338744f61a02 -> 
  custom:container-muxer-webm: aa71ff27fc2769a1b78a27578f13a17b -> 
  custom:video-decoder-webm-vp8: 9c59270c3fd7afecdb556c50c9e8de78 -> 
  custom:SearchIndexIgnoredProperties: e643bd26f0fe6173181afceb89e7c659 -> 
  custom:AudioImporter_EditorPlatform: d09bf68614088b80899f8185d706f6e7 -> 
  custom:video-encoder-webm-vp8: eb34c28f22e8b96e1ab97ce403110664 -> 
  custom:audio-decoder-ogg-vorbis: bf7c407c2cedff20999df2af8eb42d56 -> 
  custom:audio-encoder-webm-vorbis: bf7c407c2cedff20999df2af8eb42d56 -> 
========================================================================
Received Import Request.
  Time since last request: 34.350256 seconds.
  path: Assets/Assets/Personaggio/Animazione/Idle/idle.anim
  artifactKey: Guid(be16d7fc779518d4794fe98edf4f7ca0) Importer(815301076,1909f56bfc062723c751e8b465ee728b)
Start importing Assets/Assets/Personaggio/Animazione/Idle/idle.anim using Guid(be16d7fc779518d4794fe98edf4f7ca0) Importer(815301076,1909f56bfc062723c751e8b465ee728b)  -> (artifact id: '806fbf90d54b98d4ea4bcbac4fae7173') in 0.011118 seconds
Number of updated asset objects reloaded before import = 0
Number of asset objects unloaded after import = 1
========================================================================
Received Import Request.
  Time since last request: 927.663494 seconds.
  path: Assets/Assets/Personaggio/Animazione/PlayerController.controller
  artifactKey: Guid(89eb821ab8c38494e846bd64b10399a9) Importer(2089858483,0ecaa5967403d082aa24f35e1b516d23)
Start importing Assets/Assets/Personaggio/Animazione/PlayerController.controller using Guid(89eb821ab8c38494e846bd64b10399a9) Importer(2089858483,0ecaa5967403d082aa24f35e1b516d23)  -> (artifact id: 'ec0d7294cab4288f6787b6eaff5a733b') in 0.069663 seconds
Number of updated asset objects reloaded before import = 0
Number of asset objects unloaded after import = 9
========================================================================
Received Import Request.
  Time since last request: 0.000021 seconds.
  path: Assets/Scenes/SampleScene.unity
  artifactKey: Guid(9fc0d4010bbf28b4594072e72b8655ab) Importer(2089858483,0ecaa5967403d082aa24f35e1b516d23)
Start importing Assets/Scenes/SampleScene.unity using Guid(9fc0d4010bbf28b4594072e72b8655ab) Importer(2089858483,0ecaa5967403d082aa24f35e1b516d23)  -> (artifact id: 'b8f5370ff2f4ad1ad22b424c6abb6efa') in 0.020479 seconds
Number of updated asset objects reloaded before import = 0
Number of asset objects unloaded after import = 1
