Using pre-set license
Built from '2022.3/staging' branch; Version is '2022.3.27f1 (73effa14754f) revision 7598074'; Using compiler version '192829333'; Build Type 'Release'
OS: 'Windows 11  (10.0.22631) 64bit Core' Language: 'it' Physical Memory: 16011 MB
BatchMode: 1, IsHumanControllingUs: 0, StartBugReporterOnCrash: 0, Is64bit: 1, IsPro: 1

COMMAND LINE ARGUMENTS:
C:\Program Files\Unity\Hub\Editor\2022.3.27f1\Editor\Unity.exe
-adb2
-batchMode
-noUpm
-name
AssetImportWorker1
-projectPath
C:/Users/andre/Gioco-Unical/Gioco-UnicalGameForge/UnicalGameForge
-logFile
Logs/AssetImportWorker1.log
-srvPort
55705
Successfully changed project path to: C:/Users/andre/Gioco-Unical/Gioco-UnicalGameForge/UnicalGameForge
C:/Users/andre/Gioco-Unical/Gioco-UnicalGameForge/UnicalGameForge
[UnityMemory] Configuration Parameters - Can be set up in boot.config
    "memorysetup-bucket-allocator-granularity=16"
    "memorysetup-bucket-allocator-bucket-count=8"
    "memorysetup-bucket-allocator-block-size=33554432"
    "memorysetup-bucket-allocator-block-count=8"
    "memorysetup-main-allocator-block-size=16777216"
    "memorysetup-thread-allocator-block-size=16777216"
    "memorysetup-gfx-main-allocator-block-size=16777216"
    "memorysetup-gfx-thread-allocator-block-size=16777216"
    "memorysetup-cache-allocator-block-size=4194304"
    "memorysetup-typetree-allocator-block-size=2097152"
    "memorysetup-profiler-bucket-allocator-granularity=16"
    "memorysetup-profiler-bucket-allocator-bucket-count=8"
    "memorysetup-profiler-bucket-allocator-block-size=33554432"
    "memorysetup-profiler-bucket-allocator-block-count=8"
    "memorysetup-profiler-allocator-block-size=16777216"
    "memorysetup-profiler-editor-allocator-block-size=1048576"
    "memorysetup-temp-allocator-size-main=16777216"
    "memorysetup-job-temp-allocator-block-size=2097152"
    "memorysetup-job-temp-allocator-block-size-background=1048576"
    "memorysetup-job-temp-allocator-reduction-small-platforms=262144"
    "memorysetup-allocator-temp-initial-block-size-main=262144"
    "memorysetup-allocator-temp-initial-block-size-worker=262144"
    "memorysetup-temp-allocator-size-background-worker=32768"
    "memorysetup-temp-allocator-size-job-worker=262144"
    "memorysetup-temp-allocator-size-preload-manager=33554432"
    "memorysetup-temp-allocator-size-nav-mesh-worker=65536"
    "memorysetup-temp-allocator-size-audio-worker=65536"
    "memorysetup-temp-allocator-size-cloud-worker=32768"
    "memorysetup-temp-allocator-size-gi-baking-worker=262144"
    "memorysetup-temp-allocator-size-gfx=262144"
Player connection [20880] Host "[IP] 192.168.0.184 [Port] 0 [Flags] 2 [Guid] 1035428028 [EditorId] 1035428028 [Version] 1048832 [Id] WindowsEditor(7,TRAPEZIONE) [Debug] 1 [PackageName] WindowsEditor [ProjectName] Editor" joined multi-casting on [225.0.0.222:54997]...

Player connection [20880] Host "[IP] 192.168.0.184 [Port] 0 [Flags] 2 [Guid] 1035428028 [EditorId] 1035428028 [Version] 1048832 [Id] WindowsEditor(7,TRAPEZIONE) [Debug] 1 [PackageName] WindowsEditor [ProjectName] Editor" joined alternative multi-casting on [225.0.0.222:34997]...

[Physics::Module] Initialized MultithreadedJobDispatcher with 19 workers.
Refreshing native plugins compatible for Editor in 7.66 ms, found 3 plugins.
Preloading 0 native plugins for Editor in 0.00 ms.
Initialize engine version: 2022.3.27f1 (73effa14754f)
[Subsystems] Discovering subsystems at path C:/Program Files/Unity/Hub/Editor/2022.3.27f1/Editor/Data/Resources/UnitySubsystems
[Subsystems] Discovering subsystems at path C:/Users/andre/Gioco-Unical/Gioco-UnicalGameForge/UnicalGameForge/Assets
GfxDevice: creating device client; threaded=0; jobified=0
Direct3D:
    Version:  Direct3D 11.0 [level 11.1]
    Renderer: NVIDIA GeForce RTX 4060 Laptop GPU (ID=0x28e0)
    Vendor:   NVIDIA
    VRAM:     7957 MB
    Driver:   32.0.15.5599
Initialize mono
Mono path[0] = 'C:/Program Files/Unity/Hub/Editor/2022.3.27f1/Editor/Data/Managed'
Mono path[1] = 'C:/Program Files/Unity/Hub/Editor/2022.3.27f1/Editor/Data/MonoBleedingEdge/lib/mono/unityjit-win32'
Mono config path = 'C:/Program Files/Unity/Hub/Editor/2022.3.27f1/Editor/Data/MonoBleedingEdge/etc'
Using monoOptions --debugger-agent=transport=dt_socket,embedding=1,server=y,suspend=n,address=127.0.0.1:56696
Begin MonoManager ReloadAssembly
Registering precompiled unity dll's ...
Register platform support module: C:/Program Files/Unity/Hub/Editor/2022.3.27f1/Editor/Data/PlaybackEngines/WindowsStandaloneSupport/UnityEditor.WindowsStandalone.Extensions.dll
Registered in 0.004667 seconds.
- Loaded All Assemblies, in  0.266 seconds
Native extension for WindowsStandalone target not found
Mono: successfully reloaded assembly
- Finished resetting the current domain, in  0.197 seconds
Domain Reload Profiling: 462ms
	BeginReloadAssembly (84ms)
		ExecutionOrderSort (0ms)
		DisableScriptedObjects (0ms)
		BackupInstance (0ms)
		ReleaseScriptingObjects (0ms)
		CreateAndSetChildDomain (1ms)
	RebuildCommonClasses (29ms)
	RebuildNativeTypeToScriptingClass (7ms)
	initialDomainReloadingComplete (44ms)
	LoadAllAssembliesAndSetupDomain (101ms)
		LoadAssemblies (82ms)
		RebuildTransferFunctionScriptingTraits (0ms)
		AnalyzeDomain (100ms)
			TypeCache.Refresh (98ms)
				TypeCache.ScanAssembly (87ms)
			ScanForSourceGeneratedMonoScriptInfo (0ms)
			ResolveRequiredComponents (0ms)
	FinalizeReload (198ms)
		ReleaseScriptCaches (0ms)
		RebuildScriptCaches (0ms)
		SetupLoadedEditorAssemblies (156ms)
			LogAssemblyErrors (0ms)
			InitializePlatformSupportModulesInManaged (6ms)
			SetLoadedEditorAssemblies (6ms)
			RefreshPlugins (0ms)
			BeforeProcessingInitializeOnLoad (2ms)
			ProcessInitializeOnLoadAttributes (110ms)
			ProcessInitializeOnLoadMethodAttributes (32ms)
			AfterProcessingInitializeOnLoad (0ms)
			EditorAssembliesLoaded (0ms)
		ExecutionOrderSort2 (0ms)
		AwakeInstancesAfterBackupRestoration (0ms)
========================================================================
Worker process is ready to serve import requests
Begin MonoManager ReloadAssembly
- Loaded All Assemblies, in  0.548 seconds
Refreshing native plugins compatible for Editor in 3.34 ms, found 3 plugins.
Native extension for WindowsStandalone target not found
Package Manager log level set to [2]
[Package Manager] Server::EnsureServerProcessIsRunning -- launch failed, reason: Unity was launched with the -noUpm command-line argument
[Package Manager] UpmClient::Send -- Unable to send message (not connected to UPM process).
[Package Manager] Cannot connect to Unity Package Manager local server
Mono: successfully reloaded assembly
- Finished resetting the current domain, in  0.661 seconds
Domain Reload Profiling: 1207ms
	BeginReloadAssembly (121ms)
		ExecutionOrderSort (0ms)
		DisableScriptedObjects (4ms)
		BackupInstance (0ms)
		ReleaseScriptingObjects (0ms)
		CreateAndSetChildDomain (18ms)
	RebuildCommonClasses (26ms)
	RebuildNativeTypeToScriptingClass (7ms)
	initialDomainReloadingComplete (36ms)
	LoadAllAssembliesAndSetupDomain (355ms)
		LoadAssemblies (272ms)
		RebuildTransferFunctionScriptingTraits (0ms)
		AnalyzeDomain (155ms)
			TypeCache.Refresh (138ms)
				TypeCache.ScanAssembly (124ms)
			ScanForSourceGeneratedMonoScriptInfo (12ms)
			ResolveRequiredComponents (3ms)
	FinalizeReload (661ms)
		ReleaseScriptCaches (0ms)
		RebuildScriptCaches (0ms)
		SetupLoadedEditorAssemblies (545ms)
			LogAssemblyErrors (0ms)
			InitializePlatformSupportModulesInManaged (5ms)
			SetLoadedEditorAssemblies (3ms)
			RefreshPlugins (0ms)
			BeforeProcessingInitializeOnLoad (50ms)
			ProcessInitializeOnLoadAttributes (463ms)
			ProcessInitializeOnLoadMethodAttributes (20ms)
			AfterProcessingInitializeOnLoad (4ms)
			EditorAssembliesLoaded (0ms)
		ExecutionOrderSort2 (0ms)
		AwakeInstancesAfterBackupRestoration (5ms)
Launched and connected shader compiler UnityShaderCompiler.exe after 0.09 seconds
Refreshing native plugins compatible for Editor in 3.17 ms, found 3 plugins.
Preloading 0 native plugins for Editor in 0.00 ms.
Unloading 3598 Unused Serialized files (Serialized files now loaded: 0)
Unloading 49 unused Assets / (60.1 KB). Loaded Objects now: 4067.
Memory consumption went from 143.4 MB to 143.3 MB.
Total: 3.603000 ms (FindLiveObjects: 0.182700 ms CreateObjectMapping: 0.085700 ms MarkObjects: 3.236000 ms  DeleteObjects: 0.097700 ms)

AssetImportParameters requested are different than current active one (requested -> active):
  custom:container-demuxer-ogg: 62fdf1f143b41e24485cea50d1cbac27 -> 
  custom:video-codec-MediaFoundation-h265: 746d11721c4dcdbdad8f713fa42b33f4 -> 
  custom:video-decoder-ogg-theora: a1e56fd34408186e4bbccfd4996cb3dc -> 
  custom:framework-win-MediaFoundation: 216162199b28c13a410421893ffa2e32 -> 
  custom:CustomObjectIndexerAttribute: 9a22284fe3817be447336de3de66b15e -> 
  custom:container-demuxer-webm: 4f35f7cbe854078d1ac9338744f61a02 -> 
  custom:container-muxer-webm: aa71ff27fc2769a1b78a27578f13a17b -> 
  custom:video-decoder-webm-vp8: 9c59270c3fd7afecdb556c50c9e8de78 -> 
  custom:SearchIndexIgnoredProperties: e643bd26f0fe6173181afceb89e7c659 -> 
  custom:AudioImporter_EditorPlatform: d09bf68614088b80899f8185d706f6e7 -> 
  custom:video-encoder-webm-vp8: eb34c28f22e8b96e1ab97ce403110664 -> 
  custom:audio-decoder-ogg-vorbis: bf7c407c2cedff20999df2af8eb42d56 -> 
  custom:audio-encoder-webm-vorbis: bf7c407c2cedff20999df2af8eb42d56 -> 
========================================================================
Received Import Request.
  Time since last request: 7515.247465 seconds.
  path: Assets/Assets/Personaggio/Animazione/Idle/Idle03.png
  artifactKey: Guid(e9b060f2a335ef64e9c3976491199c7b) Importer(815301076,1909f56bfc062723c751e8b465ee728b)
Start importing Assets/Assets/Personaggio/Animazione/Idle/Idle03.png using Guid(e9b060f2a335ef64e9c3976491199c7b) Importer(815301076,1909f56bfc062723c751e8b465ee728b)  -> (artifact id: 'dce4d46c508bcdeb66cb489aa8f4a71d') in 0.154109 seconds
Number of updated asset objects reloaded before import = 0
Number of asset objects unloaded after import = 3
========================================================================
Received Import Request.
  Time since last request: 0.000024 seconds.
  path: Assets/Assets/Personaggio/Animazione/Idle/Idle04.png
  artifactKey: Guid(79b4aef0eaa66704a9bca3247afd27c0) Importer(815301076,1909f56bfc062723c751e8b465ee728b)
Start importing Assets/Assets/Personaggio/Animazione/Idle/Idle04.png using Guid(79b4aef0eaa66704a9bca3247afd27c0) Importer(815301076,1909f56bfc062723c751e8b465ee728b)  -> (artifact id: '3e38728cc7b65fc94844b585307f8010') in 0.026557 seconds
Number of updated asset objects reloaded before import = 0
Number of asset objects unloaded after import = 3
========================================================================
Received Import Request.
  Time since last request: 595.256554 seconds.
  path: Assets/Assets/Personaggio/Animazione/Weapons/BladeWallImpact/BladeWallImpact02.png
  artifactKey: Guid(0f29f455be1be1940a44ba480194a20d) Importer(815301076,1909f56bfc062723c751e8b465ee728b)
Start importing Assets/Assets/Personaggio/Animazione/Weapons/BladeWallImpact/BladeWallImpact02.png using Guid(0f29f455be1be1940a44ba480194a20d) Importer(815301076,1909f56bfc062723c751e8b465ee728b)  -> (artifact id: '8d2dde2900b66c82afc071f570817e9d') in 0.017382 seconds
Number of updated asset objects reloaded before import = 0
Number of asset objects unloaded after import = 2
========================================================================
Received Import Request.
  Time since last request: 0.000033 seconds.
  path: Assets/Assets/Personaggio/Animazione/Weapons/BladeWallImpact/BladeWallImpact03.png
  artifactKey: Guid(9c6b8ebf6c09d1f43b0bc2498aef9de8) Importer(815301076,1909f56bfc062723c751e8b465ee728b)
Start importing Assets/Assets/Personaggio/Animazione/Weapons/BladeWallImpact/BladeWallImpact03.png using Guid(9c6b8ebf6c09d1f43b0bc2498aef9de8) Importer(815301076,1909f56bfc062723c751e8b465ee728b)  -> (artifact id: 'b0cb5c548bdc463fe4defe557d27664b') in 0.011611 seconds
Number of updated asset objects reloaded before import = 0
Number of asset objects unloaded after import = 2
========================================================================
Received Import Request.
  Time since last request: 0.002755 seconds.
  path: Assets/Assets/Personaggio/Animazione/Weapons/BladeWallImpact/BladeWallImpact06.png
  artifactKey: Guid(b7fc0c2ad9e1bba46a3fce94d5695a8e) Importer(815301076,1909f56bfc062723c751e8b465ee728b)
Start importing Assets/Assets/Personaggio/Animazione/Weapons/BladeWallImpact/BladeWallImpact06.png using Guid(b7fc0c2ad9e1bba46a3fce94d5695a8e) Importer(815301076,1909f56bfc062723c751e8b465ee728b)  -> (artifact id: '05771763be346bee934e21bc65eb0c68') in 0.018198 seconds
Number of updated asset objects reloaded before import = 0
Number of asset objects unloaded after import = 2
========================================================================
Received Import Request.
  Time since last request: 0.000077 seconds.
  path: Assets/Assets/Personaggio/Animazione/Combat/BowAim/BowAim02.png
  artifactKey: Guid(7f33c730e20539349a85d3269e44c66e) Importer(815301076,1909f56bfc062723c751e8b465ee728b)
Start importing Assets/Assets/Personaggio/Animazione/Combat/BowAim/BowAim02.png using Guid(7f33c730e20539349a85d3269e44c66e) Importer(815301076,1909f56bfc062723c751e8b465ee728b)  -> (artifact id: 'd814365576ef12f72deb5a1b7dc7ad10') in 0.019044 seconds
Number of updated asset objects reloaded before import = 0
Number of asset objects unloaded after import = 2
========================================================================
Received Import Request.
  Time since last request: 0.000031 seconds.
  path: Assets/Assets/Personaggio/Animazione/Combat/BowAim/BowAim01.png
  artifactKey: Guid(6688ea224d8b0d04f9949d4563fc40bc) Importer(815301076,1909f56bfc062723c751e8b465ee728b)
Start importing Assets/Assets/Personaggio/Animazione/Combat/BowAim/BowAim01.png using Guid(6688ea224d8b0d04f9949d4563fc40bc) Importer(815301076,1909f56bfc062723c751e8b465ee728b)  -> (artifact id: '88a60ee14998184613f64c6f6b68e04e') in 0.022538 seconds
Number of updated asset objects reloaded before import = 0
Number of asset objects unloaded after import = 2
========================================================================
Received Import Request.
  Time since last request: 0.000038 seconds.
  path: Assets/Assets/Personaggio/Animazione/Weapons/BladeWallImpact/BladeWallImpact05.png
  artifactKey: Guid(d3059092dad602f4aa61a1d534fe921f) Importer(815301076,1909f56bfc062723c751e8b465ee728b)
Start importing Assets/Assets/Personaggio/Animazione/Weapons/BladeWallImpact/BladeWallImpact05.png using Guid(d3059092dad602f4aa61a1d534fe921f) Importer(815301076,1909f56bfc062723c751e8b465ee728b)  -> (artifact id: 'bda6fa77d483f8cefbbe130fc41cd582') in 0.020358 seconds
Number of updated asset objects reloaded before import = 0
Number of asset objects unloaded after import = 2
========================================================================
Received Import Request.
  Time since last request: 0.804402 seconds.
  path: Assets/Assets/Personaggio/Animazione/Combat/GunWalk/GunWalk02.png
  artifactKey: Guid(cb01bbf1663104a439ee2319a9585463) Importer(815301076,1909f56bfc062723c751e8b465ee728b)
Start importing Assets/Assets/Personaggio/Animazione/Combat/GunWalk/GunWalk02.png using Guid(cb01bbf1663104a439ee2319a9585463) Importer(815301076,1909f56bfc062723c751e8b465ee728b)  -> (artifact id: '87a479f787e5767eee69b646829197c5') in 0.007920 seconds
Number of updated asset objects reloaded before import = 0
Number of asset objects unloaded after import = 2
========================================================================
Received Import Request.
  Time since last request: 0.000023 seconds.
  path: Assets/Assets/Personaggio/Animazione/Combat/GunWalk/GunWalk03.png
  artifactKey: Guid(dfe474c2dd743a2478b1602221ea8ab9) Importer(815301076,1909f56bfc062723c751e8b465ee728b)
Start importing Assets/Assets/Personaggio/Animazione/Combat/GunWalk/GunWalk03.png using Guid(dfe474c2dd743a2478b1602221ea8ab9) Importer(815301076,1909f56bfc062723c751e8b465ee728b)  -> (artifact id: 'da32baa6d80a63ace7686100f8c0ec65') in 0.017641 seconds
Number of updated asset objects reloaded before import = 0
Number of asset objects unloaded after import = 2
========================================================================
Received Import Request.
  Time since last request: 0.000075 seconds.
  path: Assets/Assets/Personaggio/Animazione/Combat/GunWalk/GunWalk05.png
  artifactKey: Guid(320bd73a0b9f04547b03e8f2aacd3b9f) Importer(815301076,1909f56bfc062723c751e8b465ee728b)
Start importing Assets/Assets/Personaggio/Animazione/Combat/GunWalk/GunWalk05.png using Guid(320bd73a0b9f04547b03e8f2aacd3b9f) Importer(815301076,1909f56bfc062723c751e8b465ee728b)  -> (artifact id: '08f8c9c39afe2c43d1a387105c86e066') in 0.017982 seconds
Number of updated asset objects reloaded before import = 0
Number of asset objects unloaded after import = 2
========================================================================
Received Import Request.
  Time since last request: 0.000066 seconds.
  path: Assets/Assets/Personaggio/Animazione/Combat/GunWalkFire/GunWalkFire03.png
  artifactKey: Guid(5c6975727b082f347958d4f1e85d40bb) Importer(815301076,1909f56bfc062723c751e8b465ee728b)
Start importing Assets/Assets/Personaggio/Animazione/Combat/GunWalkFire/GunWalkFire03.png using Guid(5c6975727b082f347958d4f1e85d40bb) Importer(815301076,1909f56bfc062723c751e8b465ee728b)  -> (artifact id: '7a8c8d45aab9922f347104ed8a9848cf') in 0.020574 seconds
Number of updated asset objects reloaded before import = 0
Number of asset objects unloaded after import = 2
========================================================================
Received Import Request.
  Time since last request: 0.000102 seconds.
  path: Assets/Assets/Personaggio/Animazione/Combat/GunWalkFire/GunWalkFire06.png
  artifactKey: Guid(61c5af70aff032d40b42f1af61f3a930) Importer(815301076,1909f56bfc062723c751e8b465ee728b)
Start importing Assets/Assets/Personaggio/Animazione/Combat/GunWalkFire/GunWalkFire06.png using Guid(61c5af70aff032d40b42f1af61f3a930) Importer(815301076,1909f56bfc062723c751e8b465ee728b)  -> (artifact id: '4792e9bbd4f0638d701960a665316a89') in 0.010706 seconds
Number of updated asset objects reloaded before import = 0
Number of asset objects unloaded after import = 2
========================================================================
Received Import Request.
  Time since last request: 0.000030 seconds.
  path: Assets/Assets/Personaggio/Animazione/Combat/GunWalkFire/GunWalkFire08.png
  artifactKey: Guid(096708c08efa4fc4ebcf4163133b2221) Importer(815301076,1909f56bfc062723c751e8b465ee728b)
Start importing Assets/Assets/Personaggio/Animazione/Combat/GunWalkFire/GunWalkFire08.png using Guid(096708c08efa4fc4ebcf4163133b2221) Importer(815301076,1909f56bfc062723c751e8b465ee728b)  -> (artifact id: '27c05f998db1897c2f626751bb290d67') in 0.018870 seconds
Number of updated asset objects reloaded before import = 0
Number of asset objects unloaded after import = 2
========================================================================
Received Import Request.
  Time since last request: 0.000035 seconds.
  path: Assets/Assets/Personaggio/Animazione/Combat/GunWalkFire/GunWalkFire04.png
  artifactKey: Guid(baa860f839c3cf548b0cb751f9301fd3) Importer(815301076,1909f56bfc062723c751e8b465ee728b)
Start importing Assets/Assets/Personaggio/Animazione/Combat/GunWalkFire/GunWalkFire04.png using Guid(baa860f839c3cf548b0cb751f9301fd3) Importer(815301076,1909f56bfc062723c751e8b465ee728b)  -> (artifact id: 'f18e0a17ef6be18944056459e280afb3') in 0.015861 seconds
Number of updated asset objects reloaded before import = 0
Number of asset objects unloaded after import = 2
========================================================================
Received Import Request.
  Time since last request: 0.000034 seconds.
  path: Assets/Assets/Personaggio/Animazione/Combat/SwordWalk/SwordWalk05.png
  artifactKey: Guid(556281ae4f5e5bf44ab019222364520b) Importer(815301076,1909f56bfc062723c751e8b465ee728b)
Start importing Assets/Assets/Personaggio/Animazione/Combat/SwordWalk/SwordWalk05.png using Guid(556281ae4f5e5bf44ab019222364520b) Importer(815301076,1909f56bfc062723c751e8b465ee728b)  -> (artifact id: '0411f5d22ff75ca4fd199d4fee4de65a') in 0.024030 seconds
Number of updated asset objects reloaded before import = 0
Number of asset objects unloaded after import = 2
========================================================================
Received Import Request.
  Time since last request: 0.000039 seconds.
  path: Assets/Assets/Personaggio/Animazione/Combat/SwordWalk/SwordWalk04.png
  artifactKey: Guid(255935fa78ae9244c9ddf5b88224b934) Importer(815301076,1909f56bfc062723c751e8b465ee728b)
Start importing Assets/Assets/Personaggio/Animazione/Combat/SwordWalk/SwordWalk04.png using Guid(255935fa78ae9244c9ddf5b88224b934) Importer(815301076,1909f56bfc062723c751e8b465ee728b)  -> (artifact id: '5016aed7fb31b309a95d14bb02177414') in 0.021665 seconds
Number of updated asset objects reloaded before import = 0
Number of asset objects unloaded after import = 2
========================================================================
Received Import Request.
  Time since last request: 0.000028 seconds.
  path: Assets/Assets/Personaggio/Animazione/Combat/SwordWalk/SwordWalk01.png
  artifactKey: Guid(4807ff2cd59db274580cf46c112423e8) Importer(815301076,1909f56bfc062723c751e8b465ee728b)
Start importing Assets/Assets/Personaggio/Animazione/Combat/SwordWalk/SwordWalk01.png using Guid(4807ff2cd59db274580cf46c112423e8) Importer(815301076,1909f56bfc062723c751e8b465ee728b)  -> (artifact id: '0e732bae12b21f58e108a3372131d1cf') in 0.021074 seconds
Number of updated asset objects reloaded before import = 0
Number of asset objects unloaded after import = 2
========================================================================
Received Import Request.
  Time since last request: 0.000035 seconds.
  path: Assets/Assets/Personaggio/Animazione/Combat/SwordWalk/SwordWalk03.png
  artifactKey: Guid(3057fb678dd3b814e8c6736343c12098) Importer(815301076,1909f56bfc062723c751e8b465ee728b)
Start importing Assets/Assets/Personaggio/Animazione/Combat/SwordWalk/SwordWalk03.png using Guid(3057fb678dd3b814e8c6736343c12098) Importer(815301076,1909f56bfc062723c751e8b465ee728b)  -> (artifact id: '5fbede95ba958f48c6bca29bb342ed8a') in 0.019848 seconds
Number of updated asset objects reloaded before import = 0
Number of asset objects unloaded after import = 2
========================================================================
Received Import Request.
  Time since last request: 2.541268 seconds.
  path: Assets/Assets/Personaggio/Animazione/Walk/Walk02.png
  artifactKey: Guid(294cba7119bf6d64c9072b1bd8f13329) Importer(815301076,1909f56bfc062723c751e8b465ee728b)
Start importing Assets/Assets/Personaggio/Animazione/Walk/Walk02.png using Guid(294cba7119bf6d64c9072b1bd8f13329) Importer(815301076,1909f56bfc062723c751e8b465ee728b)  -> (artifact id: '18915856f8d21f4c092a9fdea13aaae2') in 0.018574 seconds
Number of updated asset objects reloaded before import = 0
Number of asset objects unloaded after import = 2
========================================================================
Received Import Request.
  Time since last request: 0.000021 seconds.
  path: Assets/Assets/Personaggio/Animazione/Walk/Walk03.png
  artifactKey: Guid(e15be83af375586449e90b7fa7337cc2) Importer(815301076,1909f56bfc062723c751e8b465ee728b)
Start importing Assets/Assets/Personaggio/Animazione/Walk/Walk03.png using Guid(e15be83af375586449e90b7fa7337cc2) Importer(815301076,1909f56bfc062723c751e8b465ee728b)  -> (artifact id: 'ed0a55dd942255b9e2621c225d8761f4') in 0.015779 seconds
Number of updated asset objects reloaded before import = 0
Number of asset objects unloaded after import = 2
========================================================================
Received Import Request.
  Time since last request: 0.000037 seconds.
  path: Assets/Assets/Personaggio/Animazione/Walk/Walk06.png
  artifactKey: Guid(fe21e5e3127f9ad48b43b2a0e8db1f78) Importer(815301076,1909f56bfc062723c751e8b465ee728b)
Start importing Assets/Assets/Personaggio/Animazione/Walk/Walk06.png using Guid(fe21e5e3127f9ad48b43b2a0e8db1f78) Importer(815301076,1909f56bfc062723c751e8b465ee728b)  -> (artifact id: 'c015fa4a69ac9e4198396b58bef5ca2f') in 0.019694 seconds
Number of updated asset objects reloaded before import = 0
Number of asset objects unloaded after import = 2
========================================================================
Received Import Request.
  Time since last request: 0.000025 seconds.
  path: Assets/Assets/Personaggio/Animazione/Walk/Walk08.png
  artifactKey: Guid(095a926ccca19fe49b705f8a503efe12) Importer(815301076,1909f56bfc062723c751e8b465ee728b)
Start importing Assets/Assets/Personaggio/Animazione/Walk/Walk08.png using Guid(095a926ccca19fe49b705f8a503efe12) Importer(815301076,1909f56bfc062723c751e8b465ee728b)  -> (artifact id: '5a6b6d433b41c8f319c8709d2df287b9') in 0.022083 seconds
Number of updated asset objects reloaded before import = 0
Number of asset objects unloaded after import = 2
========================================================================
Received Import Request.
  Time since last request: 7.946174 seconds.
  path: Assets/Assets/Personaggio/Animazione/Combat/SwordWalk/SwordWalk06.png
  artifactKey: Guid(84ba7409cf0902342954f2a2b6e85d07) Importer(815301076,1909f56bfc062723c751e8b465ee728b)
Start importing Assets/Assets/Personaggio/Animazione/Combat/SwordWalk/SwordWalk06.png using Guid(84ba7409cf0902342954f2a2b6e85d07) Importer(815301076,1909f56bfc062723c751e8b465ee728b)  -> (artifact id: '0ec7c08852582e9c23e899547633c818') in 0.022335 seconds
Number of updated asset objects reloaded before import = 0
Number of asset objects unloaded after import = 2
========================================================================
Received Import Request.
  Time since last request: 467.948957 seconds.
  path: Assets/Assets/Personaggio/Animazione/Walk/Walk02.png
  artifactKey: Guid(294cba7119bf6d64c9072b1bd8f13329) Importer(815301076,1909f56bfc062723c751e8b465ee728b)
Start importing Assets/Assets/Personaggio/Animazione/Walk/Walk02.png using Guid(294cba7119bf6d64c9072b1bd8f13329) Importer(815301076,1909f56bfc062723c751e8b465ee728b)  -> (artifact id: 'b63388cfbe74f68c815403bb11f54b14') in 0.069411 seconds
Number of updated asset objects reloaded before import = 0
Number of asset objects unloaded after import = 3
========================================================================
Received Import Request.
  Time since last request: 0.000041 seconds.
  path: Assets/Assets/Personaggio/Animazione/Walk/Walk06.png
  artifactKey: Guid(fe21e5e3127f9ad48b43b2a0e8db1f78) Importer(815301076,1909f56bfc062723c751e8b465ee728b)
Start importing Assets/Assets/Personaggio/Animazione/Walk/Walk06.png using Guid(fe21e5e3127f9ad48b43b2a0e8db1f78) Importer(815301076,1909f56bfc062723c751e8b465ee728b)  -> (artifact id: '77e492f13cebfc2489522feb92c4eb1f') in 0.025621 seconds
Number of updated asset objects reloaded before import = 0
Number of asset objects unloaded after import = 3
========================================================================
Received Import Request.
  Time since last request: 0.000029 seconds.
  path: Assets/Assets/Personaggio/Animazione/Walk/Walk03.png
  artifactKey: Guid(e15be83af375586449e90b7fa7337cc2) Importer(815301076,1909f56bfc062723c751e8b465ee728b)
Start importing Assets/Assets/Personaggio/Animazione/Walk/Walk03.png using Guid(e15be83af375586449e90b7fa7337cc2) Importer(815301076,1909f56bfc062723c751e8b465ee728b)  -> (artifact id: '52c471f6bef5eee318e1ce1b7ae0efa4') in 0.069082 seconds
Number of updated asset objects reloaded before import = 0
Number of asset objects unloaded after import = 3
========================================================================
Received Import Request.
  Time since last request: 0.000030 seconds.
  path: Assets/Assets/Personaggio/Animazione/Walk/Walk05.png
  artifactKey: Guid(77bb13983a88b454fbab5962b682a2df) Importer(815301076,1909f56bfc062723c751e8b465ee728b)
Start importing Assets/Assets/Personaggio/Animazione/Walk/Walk05.png using Guid(77bb13983a88b454fbab5962b682a2df) Importer(815301076,1909f56bfc062723c751e8b465ee728b)  -> (artifact id: '55fbfe322a6b87c7a61d85a351b073cb') in 0.021784 seconds
Number of updated asset objects reloaded before import = 0
Number of asset objects unloaded after import = 3
========================================================================
Received Import Request.
  Time since last request: 0.000041 seconds.
  path: Assets/Assets/Personaggio/Animazione/Walk/Walk08.png
  artifactKey: Guid(095a926ccca19fe49b705f8a503efe12) Importer(815301076,1909f56bfc062723c751e8b465ee728b)
Start importing Assets/Assets/Personaggio/Animazione/Walk/Walk08.png using Guid(095a926ccca19fe49b705f8a503efe12) Importer(815301076,1909f56bfc062723c751e8b465ee728b)  -> (artifact id: 'a697506625ac4dc98b5c64dc61bba791') in 0.024123 seconds
Number of updated asset objects reloaded before import = 0
Number of asset objects unloaded after import = 3
========================================================================
Received Import Request.
  Time since last request: 54.279566 seconds.
  path: Assets/Assets/Personaggio/Animazione/Walk/walk.anim
  artifactKey: Guid(c64187723e44bfd49b9d3fbade6c0f86) Importer(2089858483,0ecaa5967403d082aa24f35e1b516d23)
Start importing Assets/Assets/Personaggio/Animazione/Walk/walk.anim using Guid(c64187723e44bfd49b9d3fbade6c0f86) Importer(2089858483,0ecaa5967403d082aa24f35e1b516d23)  -> (artifact id: '1f931a8de180f36cb6e3e99b350219fa') in 0.103484 seconds
Number of updated asset objects reloaded before import = 0
Number of asset objects unloaded after import = 1
Editor requested this worker to shutdown with reason: Scaling down because of idle timeout
TcpMessagingSession - receive error: operation aborted. errorcode: 995, details: Operazione di I/O terminata a causa dell'uscita dal thread oppure della richiesta di un'applicazione.
AssetImportWorker is now disconnected from the server
Process exiting
Exiting without the bug reporter. Application will terminate with return code 0