Using pre-set license
Built from '2022.3/staging' branch; Version is '2022.3.27f1 (73effa14754f) revision 7598074'; Using compiler version '192829333'; Build Type 'Release'
OS: 'Windows 11  (10.0.22631) 64bit Core' Language: 'it' Physical Memory: 16011 MB
BatchMode: 1, IsHumanControllingUs: 0, StartBugReporterOnCrash: 0, Is64bit: 1, IsPro: 1

COMMAND LINE ARGUMENTS:
C:\Program Files\Unity\Hub\Editor\2022.3.27f1\Editor\Unity.exe
-adb2
-batchMode
-noUpm
-name
AssetImportWorker2
-projectPath
C:/Users/andre/Gioco-Unical/Gioco-UnicalGameForge/UnicalGameForge
-logFile
Logs/AssetImportWorker2.log
-srvPort
55705
Successfully changed project path to: C:/Users/andre/Gioco-Unical/Gioco-UnicalGameForge/UnicalGameForge
C:/Users/andre/Gioco-Unical/Gioco-UnicalGameForge/UnicalGameForge
[UnityMemory] Configuration Parameters - Can be set up in boot.config
    "memorysetup-bucket-allocator-granularity=16"
    "memorysetup-bucket-allocator-bucket-count=8"
    "memorysetup-bucket-allocator-block-size=33554432"
    "memorysetup-bucket-allocator-block-count=8"
    "memorysetup-main-allocator-block-size=16777216"
    "memorysetup-thread-allocator-block-size=16777216"
    "memorysetup-gfx-main-allocator-block-size=16777216"
    "memorysetup-gfx-thread-allocator-block-size=16777216"
    "memorysetup-cache-allocator-block-size=4194304"
    "memorysetup-typetree-allocator-block-size=2097152"
    "memorysetup-profiler-bucket-allocator-granularity=16"
    "memorysetup-profiler-bucket-allocator-bucket-count=8"
    "memorysetup-profiler-bucket-allocator-block-size=33554432"
    "memorysetup-profiler-bucket-allocator-block-count=8"
    "memorysetup-profiler-allocator-block-size=16777216"
    "memorysetup-profiler-editor-allocator-block-size=1048576"
    "memorysetup-temp-allocator-size-main=16777216"
    "memorysetup-job-temp-allocator-block-size=2097152"
    "memorysetup-job-temp-allocator-block-size-background=1048576"
    "memorysetup-job-temp-allocator-reduction-small-platforms=262144"
    "memorysetup-allocator-temp-initial-block-size-main=262144"
    "memorysetup-allocator-temp-initial-block-size-worker=262144"
    "memorysetup-temp-allocator-size-background-worker=32768"
    "memorysetup-temp-allocator-size-job-worker=262144"
    "memorysetup-temp-allocator-size-preload-manager=33554432"
    "memorysetup-temp-allocator-size-nav-mesh-worker=65536"
    "memorysetup-temp-allocator-size-audio-worker=65536"
    "memorysetup-temp-allocator-size-cloud-worker=32768"
    "memorysetup-temp-allocator-size-gi-baking-worker=262144"
    "memorysetup-temp-allocator-size-gfx=262144"
Player connection [9508] Host "[IP] 192.168.0.184 [Port] 0 [Flags] 2 [Guid] 3856478509 [EditorId] 3856478509 [Version] 1048832 [Id] WindowsEditor(7,TRAPEZIONE) [Debug] 1 [PackageName] WindowsEditor [ProjectName] Editor" joined multi-casting on [225.0.0.222:54997]...

Player connection [9508] Host "[IP] 192.168.0.184 [Port] 0 [Flags] 2 [Guid] 3856478509 [EditorId] 3856478509 [Version] 1048832 [Id] WindowsEditor(7,TRAPEZIONE) [Debug] 1 [PackageName] WindowsEditor [ProjectName] Editor" joined alternative multi-casting on [225.0.0.222:34997]...

[Physics::Module] Initialized MultithreadedJobDispatcher with 19 workers.
Refreshing native plugins compatible for Editor in 9.03 ms, found 3 plugins.
Preloading 0 native plugins for Editor in 0.00 ms.
Initialize engine version: 2022.3.27f1 (73effa14754f)
[Subsystems] Discovering subsystems at path C:/Program Files/Unity/Hub/Editor/2022.3.27f1/Editor/Data/Resources/UnitySubsystems
[Subsystems] Discovering subsystems at path C:/Users/andre/Gioco-Unical/Gioco-UnicalGameForge/UnicalGameForge/Assets
GfxDevice: creating device client; threaded=0; jobified=0
Direct3D:
    Version:  Direct3D 11.0 [level 11.1]
    Renderer: NVIDIA GeForce RTX 4060 Laptop GPU (ID=0x28e0)
    Vendor:   NVIDIA
    VRAM:     7957 MB
    Driver:   32.0.15.5599
Initialize mono
Mono path[0] = 'C:/Program Files/Unity/Hub/Editor/2022.3.27f1/Editor/Data/Managed'
Mono path[1] = 'C:/Program Files/Unity/Hub/Editor/2022.3.27f1/Editor/Data/MonoBleedingEdge/lib/mono/unityjit-win32'
Mono config path = 'C:/Program Files/Unity/Hub/Editor/2022.3.27f1/Editor/Data/MonoBleedingEdge/etc'
Using monoOptions --debugger-agent=transport=dt_socket,embedding=1,server=y,suspend=n,address=127.0.0.1:56732
Begin MonoManager ReloadAssembly
Registering precompiled unity dll's ...
Register platform support module: C:/Program Files/Unity/Hub/Editor/2022.3.27f1/Editor/Data/PlaybackEngines/WindowsStandaloneSupport/UnityEditor.WindowsStandalone.Extensions.dll
Registered in 0.004108 seconds.
- Loaded All Assemblies, in  0.265 seconds
Native extension for WindowsStandalone target not found
Mono: successfully reloaded assembly
- Finished resetting the current domain, in  0.210 seconds
Domain Reload Profiling: 474ms
	BeginReloadAssembly (84ms)
		ExecutionOrderSort (0ms)
		DisableScriptedObjects (0ms)
		BackupInstance (0ms)
		ReleaseScriptingObjects (0ms)
		CreateAndSetChildDomain (1ms)
	RebuildCommonClasses (25ms)
	RebuildNativeTypeToScriptingClass (7ms)
	initialDomainReloadingComplete (41ms)
	LoadAllAssembliesAndSetupDomain (106ms)
		LoadAssemblies (82ms)
		RebuildTransferFunctionScriptingTraits (0ms)
		AnalyzeDomain (105ms)
			TypeCache.Refresh (103ms)
				TypeCache.ScanAssembly (92ms)
			ScanForSourceGeneratedMonoScriptInfo (0ms)
			ResolveRequiredComponents (0ms)
	FinalizeReload (210ms)
		ReleaseScriptCaches (0ms)
		RebuildScriptCaches (0ms)
		SetupLoadedEditorAssemblies (163ms)
			LogAssemblyErrors (0ms)
			InitializePlatformSupportModulesInManaged (7ms)
			SetLoadedEditorAssemblies (6ms)
			RefreshPlugins (0ms)
			BeforeProcessingInitializeOnLoad (2ms)
			ProcessInitializeOnLoadAttributes (113ms)
			ProcessInitializeOnLoadMethodAttributes (35ms)
			AfterProcessingInitializeOnLoad (0ms)
			EditorAssembliesLoaded (0ms)
		ExecutionOrderSort2 (0ms)
		AwakeInstancesAfterBackupRestoration (0ms)
========================================================================
Worker process is ready to serve import requests
Begin MonoManager ReloadAssembly
- Loaded All Assemblies, in  0.730 seconds
Refreshing native plugins compatible for Editor in 3.40 ms, found 3 plugins.
Native extension for WindowsStandalone target not found
Package Manager log level set to [2]
[Package Manager] Server::EnsureServerProcessIsRunning -- launch failed, reason: Unity was launched with the -noUpm command-line argument
[Package Manager] UpmClient::Send -- Unable to send message (not connected to UPM process).
[Package Manager] Cannot connect to Unity Package Manager local server
Mono: successfully reloaded assembly
- Finished resetting the current domain, in  0.679 seconds
Domain Reload Profiling: 1407ms
	BeginReloadAssembly (135ms)
		ExecutionOrderSort (0ms)
		DisableScriptedObjects (5ms)
		BackupInstance (0ms)
		ReleaseScriptingObjects (0ms)
		CreateAndSetChildDomain (18ms)
	RebuildCommonClasses (31ms)
	RebuildNativeTypeToScriptingClass (8ms)
	initialDomainReloadingComplete (52ms)
	LoadAllAssembliesAndSetupDomain (502ms)
		LoadAssemblies (364ms)
		RebuildTransferFunctionScriptingTraits (0ms)
		AnalyzeDomain (222ms)
			TypeCache.Refresh (180ms)
				TypeCache.ScanAssembly (159ms)
			ScanForSourceGeneratedMonoScriptInfo (33ms)
			ResolveRequiredComponents (8ms)
	FinalizeReload (680ms)
		ReleaseScriptCaches (0ms)
		RebuildScriptCaches (0ms)
		SetupLoadedEditorAssemblies (553ms)
			LogAssemblyErrors (0ms)
			InitializePlatformSupportModulesInManaged (5ms)
			SetLoadedEditorAssemblies (3ms)
			RefreshPlugins (0ms)
			BeforeProcessingInitializeOnLoad (50ms)
			ProcessInitializeOnLoadAttributes (462ms)
			ProcessInitializeOnLoadMethodAttributes (27ms)
			AfterProcessingInitializeOnLoad (6ms)
			EditorAssembliesLoaded (0ms)
		ExecutionOrderSort2 (0ms)
		AwakeInstancesAfterBackupRestoration (7ms)
Launched and connected shader compiler UnityShaderCompiler.exe after 0.05 seconds
Refreshing native plugins compatible for Editor in 6.28 ms, found 3 plugins.
Preloading 0 native plugins for Editor in 0.00 ms.
Unloading 3598 Unused Serialized files (Serialized files now loaded: 0)
Unloading 49 unused Assets / (60.5 KB). Loaded Objects now: 4067.
Memory consumption went from 143.5 MB to 143.4 MB.
Total: 3.086700 ms (FindLiveObjects: 0.314100 ms CreateObjectMapping: 0.120300 ms MarkObjects: 2.525100 ms  DeleteObjects: 0.126000 ms)

AssetImportParameters requested are different than current active one (requested -> active):
  custom:container-demuxer-ogg: 62fdf1f143b41e24485cea50d1cbac27 -> 
  custom:video-codec-MediaFoundation-h265: 746d11721c4dcdbdad8f713fa42b33f4 -> 
  custom:video-decoder-ogg-theora: a1e56fd34408186e4bbccfd4996cb3dc -> 
  custom:framework-win-MediaFoundation: 216162199b28c13a410421893ffa2e32 -> 
  custom:CustomObjectIndexerAttribute: 9a22284fe3817be447336de3de66b15e -> 
  custom:container-demuxer-webm: 4f35f7cbe854078d1ac9338744f61a02 -> 
  custom:container-muxer-webm: aa71ff27fc2769a1b78a27578f13a17b -> 
  custom:video-decoder-webm-vp8: 9c59270c3fd7afecdb556c50c9e8de78 -> 
  custom:SearchIndexIgnoredProperties: e643bd26f0fe6173181afceb89e7c659 -> 
  custom:AudioImporter_EditorPlatform: d09bf68614088b80899f8185d706f6e7 -> 
  custom:video-encoder-webm-vp8: eb34c28f22e8b96e1ab97ce403110664 -> 
  custom:audio-decoder-ogg-vorbis: bf7c407c2cedff20999df2af8eb42d56 -> 
  custom:audio-encoder-webm-vorbis: bf7c407c2cedff20999df2af8eb42d56 -> 
========================================================================
Received Import Request.
  Time since last request: 7551.213136 seconds.
  path: Assets/Assets/Personaggio/Animazione/PlayerController.controller
  artifactKey: Guid(89eb821ab8c38494e846bd64b10399a9) Importer(815301076,1909f56bfc062723c751e8b465ee728b)
Start importing Assets/Assets/Personaggio/Animazione/PlayerController.controller using Guid(89eb821ab8c38494e846bd64b10399a9) Importer(815301076,1909f56bfc062723c751e8b465ee728b)  -> (artifact id: 'eb2e356e5f58d7b6a4fabb9bd971b4ba') in 0.010838 seconds
Number of updated asset objects reloaded before import = 0
Number of asset objects unloaded after import = 1
========================================================================
Received Import Request.
  Time since last request: 0.951893 seconds.
  path: Assets/Assets/Personaggio/Animazione/PlayerController.controller
  artifactKey: Guid(89eb821ab8c38494e846bd64b10399a9) Importer(2089858483,0ecaa5967403d082aa24f35e1b516d23)
Start importing Assets/Assets/Personaggio/Animazione/PlayerController.controller using Guid(89eb821ab8c38494e846bd64b10399a9) Importer(2089858483,0ecaa5967403d082aa24f35e1b516d23)  -> (artifact id: 'b8e63d168f57f6a450f2caa4ad907081') in 0.070887 seconds
Number of updated asset objects reloaded before import = 0
Number of asset objects unloaded after import = 1
========================================================================
Received Import Request.
  Time since last request: 558.435212 seconds.
  path: Assets/Assets/Personaggio/Animazione/Weapons/BladeWallImpact/BladeWallImpact01.png
  artifactKey: Guid(f8da54b01b042504b9ab7ed29bbfd14e) Importer(815301076,1909f56bfc062723c751e8b465ee728b)
Start importing Assets/Assets/Personaggio/Animazione/Weapons/BladeWallImpact/BladeWallImpact01.png using Guid(f8da54b01b042504b9ab7ed29bbfd14e) Importer(815301076,1909f56bfc062723c751e8b465ee728b)  -> (artifact id: 'c686cc8fa0c9be150dded93cce8c7d2a') in 0.041718 seconds
Number of updated asset objects reloaded before import = 0
Number of asset objects unloaded after import = 2
========================================================================
Received Import Request.
  Time since last request: 0.000034 seconds.
  path: Assets/Assets/Personaggio/Animazione/Weapons/BowAim/BowAim01.png
  artifactKey: Guid(fd66c042e9a7f3240b23eaf637f877f0) Importer(815301076,1909f56bfc062723c751e8b465ee728b)
Start importing Assets/Assets/Personaggio/Animazione/Weapons/BowAim/BowAim01.png using Guid(fd66c042e9a7f3240b23eaf637f877f0) Importer(815301076,1909f56bfc062723c751e8b465ee728b)  -> (artifact id: '5d2d29430f2756d01be2479793ee69f9') in 0.015156 seconds
Number of updated asset objects reloaded before import = 0
Number of asset objects unloaded after import = 2
========================================================================
Received Import Request.
  Time since last request: 0.000021 seconds.
  path: Assets/Assets/Personaggio/Animazione/Weapons/BowAim/BowAim02.png
  artifactKey: Guid(511f41df99fd57c4b8577654a65334c4) Importer(815301076,1909f56bfc062723c751e8b465ee728b)
Start importing Assets/Assets/Personaggio/Animazione/Weapons/BowAim/BowAim02.png using Guid(511f41df99fd57c4b8577654a65334c4) Importer(815301076,1909f56bfc062723c751e8b465ee728b)  -> (artifact id: '7bbe29ed238d8fd1f0a0f88063d29131') in 0.013581 seconds
Number of updated asset objects reloaded before import = 0
Number of asset objects unloaded after import = 2
========================================================================
Received Import Request.
  Time since last request: 0.000040 seconds.
  path: Assets/Assets/Personaggio/Animazione/Weapons/BowAim/BowAim03.png
  artifactKey: Guid(6c1609a993f9c5a419b40e9776c9fd33) Importer(815301076,1909f56bfc062723c751e8b465ee728b)
Start importing Assets/Assets/Personaggio/Animazione/Weapons/BowAim/BowAim03.png using Guid(6c1609a993f9c5a419b40e9776c9fd33) Importer(815301076,1909f56bfc062723c751e8b465ee728b)  -> (artifact id: 'febf97d0c337b80fcb4474d481c4688a') in 0.009068 seconds
Number of updated asset objects reloaded before import = 0
Number of asset objects unloaded after import = 2
========================================================================
Received Import Request.
  Time since last request: 0.000029 seconds.
  path: Assets/Assets/Personaggio/Animazione/Weapons/BladeWallImpact/BladeWallImpact04.png
  artifactKey: Guid(445700f748ee8454283c43dde9e9f2db) Importer(815301076,1909f56bfc062723c751e8b465ee728b)
Start importing Assets/Assets/Personaggio/Animazione/Weapons/BladeWallImpact/BladeWallImpact04.png using Guid(445700f748ee8454283c43dde9e9f2db) Importer(815301076,1909f56bfc062723c751e8b465ee728b)  -> (artifact id: '0a513c9ab45bcb29c8d9296f49f1ccf8') in 0.017623 seconds
Number of updated asset objects reloaded before import = 0
Number of asset objects unloaded after import = 2
========================================================================
Received Import Request.
  Time since last request: 0.000029 seconds.
  path: Assets/Assets/Personaggio/Animazione/Combat/BowAim/BowAim03.png
  artifactKey: Guid(b8751f6b63e10c14b912a60b38f240be) Importer(815301076,1909f56bfc062723c751e8b465ee728b)
Start importing Assets/Assets/Personaggio/Animazione/Combat/BowAim/BowAim03.png using Guid(b8751f6b63e10c14b912a60b38f240be) Importer(815301076,1909f56bfc062723c751e8b465ee728b)  -> (artifact id: '5ef8e29693f51eac8054c2a3203f1a8d') in 0.018801 seconds
Number of updated asset objects reloaded before import = 0
Number of asset objects unloaded after import = 2
========================================================================
Received Import Request.
  Time since last request: 0.799329 seconds.
  path: Assets/Assets/Personaggio/Animazione/Combat/GunWalk/GunWalk01.png
  artifactKey: Guid(41355268d27554a4390dca7a285a1304) Importer(815301076,1909f56bfc062723c751e8b465ee728b)
Start importing Assets/Assets/Personaggio/Animazione/Combat/GunWalk/GunWalk01.png using Guid(41355268d27554a4390dca7a285a1304) Importer(815301076,1909f56bfc062723c751e8b465ee728b)  -> (artifact id: 'b8914bdb23ff0ac13bff6ba0d62c6e57') in 0.017015 seconds
Number of updated asset objects reloaded before import = 0
Number of asset objects unloaded after import = 2
========================================================================
Received Import Request.
  Time since last request: 0.000163 seconds.
  path: Assets/Assets/Personaggio/Animazione/Combat/GunWalk/GunWalk04.png
  artifactKey: Guid(d41fe077819a3a440be6b104ed0fc69c) Importer(815301076,1909f56bfc062723c751e8b465ee728b)
Start importing Assets/Assets/Personaggio/Animazione/Combat/GunWalk/GunWalk04.png using Guid(d41fe077819a3a440be6b104ed0fc69c) Importer(815301076,1909f56bfc062723c751e8b465ee728b)  -> (artifact id: 'a048f7d349caa7e3b98ce44d38b8ab04') in 0.017971 seconds
Number of updated asset objects reloaded before import = 0
Number of asset objects unloaded after import = 2
========================================================================
Received Import Request.
  Time since last request: 0.000039 seconds.
  path: Assets/Assets/Personaggio/Animazione/Combat/GunWalk/GunWalk06.png
  artifactKey: Guid(34a01b06eb4c95f4c908bedcf9ee55b2) Importer(815301076,1909f56bfc062723c751e8b465ee728b)
Start importing Assets/Assets/Personaggio/Animazione/Combat/GunWalk/GunWalk06.png using Guid(34a01b06eb4c95f4c908bedcf9ee55b2) Importer(815301076,1909f56bfc062723c751e8b465ee728b)  -> (artifact id: '45c9d7a6c0480064cb4b737905d035f5') in 0.011483 seconds
Number of updated asset objects reloaded before import = 0
Number of asset objects unloaded after import = 2
========================================================================
Received Import Request.
  Time since last request: 0.000043 seconds.
  path: Assets/Assets/Personaggio/Animazione/Combat/GunWalkFire/GunWalkFire02.png
  artifactKey: Guid(e8d14dd258bd5f341a811fe69cd53d02) Importer(815301076,1909f56bfc062723c751e8b465ee728b)
Start importing Assets/Assets/Personaggio/Animazione/Combat/GunWalkFire/GunWalkFire02.png using Guid(e8d14dd258bd5f341a811fe69cd53d02) Importer(815301076,1909f56bfc062723c751e8b465ee728b)  -> (artifact id: 'a022aaedd403ba7c46d73ee595eca07c') in 0.019779 seconds
Number of updated asset objects reloaded before import = 0
Number of asset objects unloaded after import = 2
========================================================================
Received Import Request.
  Time since last request: 0.000023 seconds.
  path: Assets/Assets/Personaggio/Animazione/Combat/GunWalkFire/GunWalkFire05.png
  artifactKey: Guid(38185ee756da566438634044651b0770) Importer(815301076,1909f56bfc062723c751e8b465ee728b)
Start importing Assets/Assets/Personaggio/Animazione/Combat/GunWalkFire/GunWalkFire05.png using Guid(38185ee756da566438634044651b0770) Importer(815301076,1909f56bfc062723c751e8b465ee728b)  -> (artifact id: '86001922425ca67bc4911e397e04f4a6') in 0.016476 seconds
Number of updated asset objects reloaded before import = 0
Number of asset objects unloaded after import = 2
========================================================================
Received Import Request.
  Time since last request: 0.000088 seconds.
  path: Assets/Assets/Personaggio/Animazione/Combat/GunWalkFire/GunWalkFire07.png
  artifactKey: Guid(b8d171655b47e554ca06ec323679126f) Importer(815301076,1909f56bfc062723c751e8b465ee728b)
Start importing Assets/Assets/Personaggio/Animazione/Combat/GunWalkFire/GunWalkFire07.png using Guid(b8d171655b47e554ca06ec323679126f) Importer(815301076,1909f56bfc062723c751e8b465ee728b)  -> (artifact id: '9d68691b0ab9fac3fcd336d2281e32c5') in 0.017270 seconds
Number of updated asset objects reloaded before import = 0
Number of asset objects unloaded after import = 2
========================================================================
Received Import Request.
  Time since last request: 0.000024 seconds.
  path: Assets/Assets/Personaggio/Animazione/Combat/GunWalk/GunWalk08.png
  artifactKey: Guid(eac94bff0c1631e4ea3fede4145974a3) Importer(815301076,1909f56bfc062723c751e8b465ee728b)
Start importing Assets/Assets/Personaggio/Animazione/Combat/GunWalk/GunWalk08.png using Guid(eac94bff0c1631e4ea3fede4145974a3) Importer(815301076,1909f56bfc062723c751e8b465ee728b)  -> (artifact id: '7b435782ed9dc002df9966d73e74ea6b') in 0.015383 seconds
Number of updated asset objects reloaded before import = 0
Number of asset objects unloaded after import = 2
========================================================================
Received Import Request.
  Time since last request: 0.000028 seconds.
  path: Assets/Assets/Personaggio/Animazione/Combat/GunWalkFire/GunWalkFire01.png
  artifactKey: Guid(695cfe4a6f9a4d9489065701be537daa) Importer(815301076,1909f56bfc062723c751e8b465ee728b)
Start importing Assets/Assets/Personaggio/Animazione/Combat/GunWalkFire/GunWalkFire01.png using Guid(695cfe4a6f9a4d9489065701be537daa) Importer(815301076,1909f56bfc062723c751e8b465ee728b)  -> (artifact id: 'c07f936fa9119a46e15087dae62526ff') in 0.023492 seconds
Number of updated asset objects reloaded before import = 0
Number of asset objects unloaded after import = 2
========================================================================
Received Import Request.
  Time since last request: 0.000037 seconds.
  path: Assets/Assets/Personaggio/Animazione/Combat/GunWalk/GunWalk07.png
  artifactKey: Guid(9628a8d2a7752c747a81acb53473a33b) Importer(815301076,1909f56bfc062723c751e8b465ee728b)
Start importing Assets/Assets/Personaggio/Animazione/Combat/GunWalk/GunWalk07.png using Guid(9628a8d2a7752c747a81acb53473a33b) Importer(815301076,1909f56bfc062723c751e8b465ee728b)  -> (artifact id: '99ec3ce5e655657b0ce008a8be786fff') in 0.021088 seconds
Number of updated asset objects reloaded before import = 0
Number of asset objects unloaded after import = 2
========================================================================
Received Import Request.
  Time since last request: 0.000028 seconds.
  path: Assets/Assets/Personaggio/Animazione/Combat/SwordWalk/SwordWalk02.png
  artifactKey: Guid(d55f28796247cbb43846f2d03ba3b871) Importer(815301076,1909f56bfc062723c751e8b465ee728b)
Start importing Assets/Assets/Personaggio/Animazione/Combat/SwordWalk/SwordWalk02.png using Guid(d55f28796247cbb43846f2d03ba3b871) Importer(815301076,1909f56bfc062723c751e8b465ee728b)  -> (artifact id: 'ca5e02c197928bf24565790cbd63765a') in 0.019841 seconds
Number of updated asset objects reloaded before import = 0
Number of asset objects unloaded after import = 2
========================================================================
Received Import Request.
  Time since last request: 2.482035 seconds.
  path: Assets/Assets/Personaggio/Animazione/Walk
  artifactKey: Guid(d5abaf382fd8c2d4289ef7ba4118cb83) Importer(815301076,1909f56bfc062723c751e8b465ee728b)
Start importing Assets/Assets/Personaggio/Animazione/Walk using Guid(d5abaf382fd8c2d4289ef7ba4118cb83) Importer(815301076,1909f56bfc062723c751e8b465ee728b)  -> (artifact id: '655ccd2798213f73de6faee607103f48') in 0.002665 seconds
Number of updated asset objects reloaded before import = 0
Number of asset objects unloaded after import = 0
========================================================================
Received Import Request.
  Time since last request: 0.074622 seconds.
  path: Assets/Assets/Personaggio/Animazione/Walk/Walk01.png
  artifactKey: Guid(b6ba19775c5c9084c90a467f9dbe7da0) Importer(815301076,1909f56bfc062723c751e8b465ee728b)
Start importing Assets/Assets/Personaggio/Animazione/Walk/Walk01.png using Guid(b6ba19775c5c9084c90a467f9dbe7da0) Importer(815301076,1909f56bfc062723c751e8b465ee728b)  -> (artifact id: '8c7e2bf44095822595e3e1c5ab21c1d0') in 0.020842 seconds
Number of updated asset objects reloaded before import = 0
Number of asset objects unloaded after import = 2
========================================================================
Received Import Request.
  Time since last request: 0.000023 seconds.
  path: Assets/Assets/Personaggio/Animazione/Walk/Walk04.png
  artifactKey: Guid(22c7b1c1add42fc479cb1430afe26b19) Importer(815301076,1909f56bfc062723c751e8b465ee728b)
Start importing Assets/Assets/Personaggio/Animazione/Walk/Walk04.png using Guid(22c7b1c1add42fc479cb1430afe26b19) Importer(815301076,1909f56bfc062723c751e8b465ee728b)  -> (artifact id: '19104e668e339e2cdb006dc099cbc6e1') in 0.016865 seconds
Number of updated asset objects reloaded before import = 0
Number of asset objects unloaded after import = 2
========================================================================
Received Import Request.
  Time since last request: 0.000033 seconds.
  path: Assets/Assets/Personaggio/Animazione/Walk/Walk05.png
  artifactKey: Guid(77bb13983a88b454fbab5962b682a2df) Importer(815301076,1909f56bfc062723c751e8b465ee728b)
Start importing Assets/Assets/Personaggio/Animazione/Walk/Walk05.png using Guid(77bb13983a88b454fbab5962b682a2df) Importer(815301076,1909f56bfc062723c751e8b465ee728b)  -> (artifact id: 'ee46dd8c3bd9f94da0463f772c9a3243') in 0.018722 seconds
Number of updated asset objects reloaded before import = 0
Number of asset objects unloaded after import = 2
========================================================================
Received Import Request.
  Time since last request: 0.000032 seconds.
  path: Assets/Assets/Personaggio/Animazione/Walk/Walk07.png
  artifactKey: Guid(b5510b4ee12ad964f88600b3643ee6b0) Importer(815301076,1909f56bfc062723c751e8b465ee728b)
Start importing Assets/Assets/Personaggio/Animazione/Walk/Walk07.png using Guid(b5510b4ee12ad964f88600b3643ee6b0) Importer(815301076,1909f56bfc062723c751e8b465ee728b)  -> (artifact id: '3143f635d8ec9f721765f782c8ec757c') in 0.020672 seconds
Number of updated asset objects reloaded before import = 0
Number of asset objects unloaded after import = 2
========================================================================
Received Import Request.
  Time since last request: 7.941600 seconds.
  path: Assets/Assets/Personaggio/Animazione/Combat/BowAim/BowAim04.png
  artifactKey: Guid(c21631d95de61a447a036023ef697e10) Importer(815301076,1909f56bfc062723c751e8b465ee728b)
Start importing Assets/Assets/Personaggio/Animazione/Combat/BowAim/BowAim04.png using Guid(c21631d95de61a447a036023ef697e10) Importer(815301076,1909f56bfc062723c751e8b465ee728b)  -> (artifact id: '3db6ac4f23fbcb21fe6a15ccddf1af2f') in 0.021471 seconds
Number of updated asset objects reloaded before import = 0
Number of asset objects unloaded after import = 2
Editor requested this worker to shutdown with reason: Scaling down because of idle timeout
TcpMessagingSession - receive error: operation aborted. errorcode: 995, details: Operazione di I/O terminata a causa dell'uscita dal thread oppure della richiesta di un'applicazione.
AssetImportWorker is now disconnected from the server
Process exiting
Exiting without the bug reporter. Application will terminate with return code 0